[10:20:05] === EMERGENCY CHECK ===
[CRITICAL] ⚠️ BTC CRITICAL: $66,536.13 (+$151.13 to floor)
[10:25:04] === EMERGENCY CHECK ===
[OK] BTC: $66,623.37 (+$238.37), SOL: $84.12 (+$5.37)
[10:30:05] === EMERGENCY CHECK ===
[CRITICAL] ⚠️ BTC CRITICAL: $66,481.64 (+$96.64 to floor)
[10:35:02] === EMERGENCY CHECK ===
[CRITICAL] ⚠️ BTC CRITICAL: $66,490.38 (+$105.38 to floor)
[10:40:04] === EMERGENCY CHECK ===
[CRITICAL] ⚠️ BTC CRITICAL: $66,448.41 (+$63.41 to floor)
[10:45:03] === EMERGENCY CHECK ===
[OK] BTC: $66,718.00 (+$333.00), SOL: $84.28 (+$5.53)
[10:50:02] === EMERGENCY CHECK ===
[OK] BTC: $66,964.01 (+$579.01), SOL: $84.52 (+$5.77)
[10:55:02] === EMERGENCY CHECK ===
[OK] BTC: $66,753.00 (+$368.00), SOL: $84.02 (+$5.27)
[11:00:02] === EMERGENCY CHECK ===
[OK] BTC: $66,846.00 (+$461.00), SOL: $83.90 (+$5.15)
[11:10:29] === EMERGENCY CHECK ===
[OK] BTC: $66,969.00 (+$584.00), SOL: $84.25 (+$5.50)
[11:15:03] === EMERGENCY CHECK ===
[OK] BTC: $66,941.00 (+$556.00), SOL: $84.05 (+$5.30)
[11:20:02] === EMERGENCY CHECK ===
[OK] BTC: $66,782.06 (+$397.06), SOL: $83.94 (+$5.19)
[11:25:02] === EMERGENCY CHECK ===
[OK] BTC: $66,960.19 (+$575.19), SOL: $84.25 (+$5.50)
[11:30:02] === EMERGENCY CHECK ===
[OK] BTC: $66,830.45 (+$445.45), SOL: $84.09 (+$5.34)
[11:35:05] === EMERGENCY CHECK ===
[OK] BTC: $66,868.00 (+$483.00), SOL: $83.92 (+$5.17)
[11:40:05] === EMERGENCY CHECK ===
[OK] BTC: $67,026.89 (+$641.89), SOL: $84.08 (+$5.33)
[11:45:02] === EMERGENCY CHECK ===
[OK] BTC: $67,069.63 (+$684.63), SOL: $84.17 (+$5.42)
[11:50:02] === EMERGENCY CHECK ===
[OK] BTC: $67,043.07 (+$658.07), SOL: $84.27 (+$5.52)
[11:55:02] === EMERGENCY CHECK ===
[OK] BTC: $66,986.09 (+$601.09), SOL: $84.21 (+$5.46)
[12:00:02] === EMERGENCY CHECK ===
[OK] BTC: $67,014.85 (+$629.85), SOL: $84.22 (+$5.47)
[12:07:57] === EMERGENCY CHECK ===
[OK] BTC: $67,345.51 (+$960.51), SOL: $84.74 (+$5.99)
[12:10:04] === EMERGENCY CHECK ===
[OK] BTC: $67,491.57 (+$1,106.57), SOL: $84.75 (+$6.00)
[12:15:02] === EMERGENCY CHECK ===
[OK] BTC: $67,730.38 (+$1,345.38), SOL: $84.97 (+$6.22)
[12:20:02] === EMERGENCY CHECK ===
[OK] BTC: $67,483.77 (+$1,098.77), SOL: $84.86 (+$6.11)
[12:25:02] === EMERGENCY CHECK ===
[OK] BTC: $67,511.95 (+$1,126.95), SOL: $84.94 (+$6.19)
[12:30:02] === EMERGENCY CHECK ===
[OK] BTC: $67,558.97 (+$1,173.97), SOL: $85.12 (+$6.37)
[12:35:02] === EMERGENCY CHECK ===
[OK] BTC: $67,418.00 (+$1,033.00), SOL: $84.53 (+$5.78)
[12:40:02] === EMERGENCY CHECK ===
[OK] BTC: $67,412.00 (+$1,027.00), SOL: $84.39 (+$5.64)
[12:45:02] === EMERGENCY CHECK ===
[OK] BTC: $67,342.76 (+$957.76), SOL: $84.42 (+$5.67)
[12:50:02] === EMERGENCY CHECK ===
[OK] BTC: $67,351.18 (+$966.18), SOL: $84.41 (+$5.66)
[12:55:02] === EMERGENCY CHECK ===
[OK] BTC: $67,385.13 (+$1,000.13), SOL: $84.31 (+$5.56)
[13:00:02] === EMERGENCY CHECK ===
[OK] BTC: $67,396.45 (+$1,011.45), SOL: $84.45 (+$5.70)
[13:11:35] === EMERGENCY CHECK ===
[OK] BTC: $67,220.00 (+$835.00), SOL: $84.01 (+$5.26)
[13:15:03] === EMERGENCY CHECK ===
[OK] BTC: $66,983.99 (+$598.99), SOL: $83.85 (+$5.10)
[13:20:02] === EMERGENCY CHECK ===
[OK] BTC: $67,105.44 (+$720.44), SOL: $84.03 (+$5.28)
[13:25:02] === EMERGENCY CHECK ===
[OK] BTC: $67,054.58 (+$669.58), SOL: $84.05 (+$5.30)
[13:30:05] === EMERGENCY CHECK ===
[OK] BTC: $67,094.00 (+$709.00), SOL: $84.03 (+$5.28)
[13:35:02] === EMERGENCY CHECK ===
[OK] BTC: $67,017.23 (+$632.23), SOL: $83.77 (+$5.02)
[13:40:03] === EMERGENCY CHECK ===
[OK] BTC: $66,962.00 (+$577.00), SOL: $83.64 (+$4.89)
[13:45:02] === EMERGENCY CHECK ===
[OK] BTC: $66,843.99 (+$458.99), SOL: $83.36 (+$4.61)
[13:50:06] === EMERGENCY CHECK ===
[OK] BTC: $66,723.89 (+$338.89), SOL: $83.30 (+$4.55)
[13:55:02] === EMERGENCY CHECK ===
[OK] BTC: $66,867.25 (+$482.25), SOL: $83.42 (+$4.67)
[14:03:23] === EMERGENCY CHECK ===
[OK] BTC: $67,023.99 (+$638.99), SOL: $83.72 (+$4.97)
[14:12:23] === EMERGENCY CHECK ===
[OK] BTC: $67,121.94 (+$736.94), SOL: $83.76 (+$5.01)
[14:15:02] === EMERGENCY CHECK ===
[OK] BTC: $67,150.25 (+$765.25), SOL: $83.88 (+$5.13)
[14:20:02] === EMERGENCY CHECK ===
[OK] BTC: $67,094.01 (+$709.01), SOL: $83.86 (+$5.11)
[14:25:03] === EMERGENCY CHECK ===
[OK] BTC: $67,150.00 (+$765.00), SOL: $84.02 (+$5.27)
[14:30:02] === EMERGENCY CHECK ===
[OK] BTC: $67,075.03 (+$690.03), SOL: $83.74 (+$4.99)
[14:35:02] === EMERGENCY CHECK ===
[OK] BTC: $66,884.00 (+$499.00), SOL: $83.39 (+$4.64)
[14:40:02] === EMERGENCY CHECK ===
[OK] BTC: $66,949.98 (+$564.98), SOL: $83.69 (+$4.94)
[14:45:02] === EMERGENCY CHECK ===
[CRITICAL] ⚠️ BTC CRITICAL: $66,432.40 (+$47.40 to floor)
[14:50:05] === EMERGENCY CHECK ===
[CRITICAL] 🚨 BTC BELOW FLOOR: $66,291.69 (-$93.31)
[14:55:02] === EMERGENCY CHECK ===
[OK] BTC: $66,731.36 (+$346.36), SOL: $83.64 (+$4.89)
[15:00:03] === EMERGENCY CHECK ===
[CRITICAL] ⚠️ BTC CRITICAL: $66,565.00 (+$180.00 to floor)
[15:13:12] === EMERGENCY CHECK ===
[OK] BTC: $66,751.25 (+$366.25), SOL: $83.32 (+$4.57)
[15:15:03] === EMERGENCY CHECK ===
[OK] BTC: $66,870.00 (+$485.00), SOL: $83.67 (+$4.92)
[15:20:02] === EMERGENCY CHECK ===
[CRITICAL] ⚠️ BTC CRITICAL: $66,527.64 (+$142.64 to floor)
[15:25:02] === EMERGENCY CHECK ===
[OK] BTC: $66,690.02 (+$305.02), SOL: $83.42 (+$4.67)
[15:30:02] === EMERGENCY CHECK ===
[OK] BTC: $66,799.32 (+$414.32), SOL: $83.45 (+$4.70)
[15:35:02] === EMERGENCY CHECK ===
[OK] BTC: $67,263.00 (+$878.00), SOL: $84.04 (+$5.29)
[15:40:02] === EMERGENCY CHECK ===
[OK] BTC: $67,522.00 (+$1,137.00), SOL: $84.84 (+$6.09)
[15:45:02] === EMERGENCY CHECK ===
[OK] BTC: $67,531.24 (+$1,146.24), SOL: $84.56 (+$5.81)
[15:54:41] === EMERGENCY CHECK ===
[OK] BTC: $67,552.63 (+$1,167.63), SOL: $84.75 (+$6.00)
[15:55:03] === EMERGENCY CHECK ===
[OK] BTC: $67,565.78 (+$1,180.78), SOL: $84.77 (+$6.02)
[16:23:12] === EMERGENCY CHECK ===
[OK] BTC: $68,416.00 (+$2,031.00), SOL: $86.52 (+$7.77)
[16:25:33] === EMERGENCY CHECK ===
[OK] BTC: $68,931.77 (+$2,546.77), SOL: $87.24 (+$8.49)
[16:30:02] === EMERGENCY CHECK ===
[OK] BTC: $68,798.00 (+$2,413.00), SOL: $86.84 (+$8.09)
[16:35:03] === EMERGENCY CHECK ===
[OK] BTC: $68,401.97 (+$2,016.97), SOL: $85.86 (+$7.11)
[16:40:03] === EMERGENCY CHECK ===
[OK] BTC: $67,834.23 (+$1,449.23), SOL: $84.98 (+$6.23)
[17:18:31] === EMERGENCY CHECK ===
[OK] BTC: $67,939.81 (+$1,554.81), SOL: $84.53 (+$5.78)
[17:23:17] === EMERGENCY CHECK ===
[OK] BTC: $68,232.75 (+$1,847.75), SOL: $84.99 (+$6.24)
[17:25:02] === EMERGENCY CHECK ===
[OK] BTC: $68,225.77 (+$1,840.77), SOL: $85.02 (+$6.27)
[17:30:05] === EMERGENCY CHECK ===
[OK] BTC: $68,217.14 (+$1,832.14), SOL: $84.90 (+$6.15)
[17:40:04] === EMERGENCY CHECK ===
[OK] BTC: $67,992.70 (+$1,607.70), SOL: $84.63 (+$5.88)
[17:48:28] === EMERGENCY CHECK ===
[OK] BTC: $68,120.93 (+$1,735.93), SOL: $84.81 (+$6.06)
[17:50:02] === EMERGENCY CHECK ===
[OK] BTC: $68,290.05 (+$1,905.05), SOL: $85.16 (+$6.41)
[17:57:17] === EMERGENCY CHECK ===
[OK] BTC: $68,308.00 (+$1,923.00), SOL: $85.23 (+$6.48)
[18:10:03] === EMERGENCY CHECK ===
[OK] BTC: $68,259.61 (+$1,874.61), SOL: $85.05 (+$6.30)
[18:18:08] === EMERGENCY CHECK ===
[OK] BTC: $68,368.94 (+$1,983.94), SOL: $85.28 (+$6.53)
[18:20:03] === EMERGENCY CHECK ===
[OK] BTC: $68,302.50 (+$1,917.50), SOL: $85.17 (+$6.42)
[18:26:12] === EMERGENCY CHECK ===
[OK] BTC: $68,556.75 (+$2,171.75), SOL: $85.59 (+$6.84)
[18:30:41] === EMERGENCY CHECK ===
[OK] BTC: $68,490.05 (+$2,105.05), SOL: $85.44 (+$6.69)
[18:36:47] === EMERGENCY CHECK ===
[OK] BTC: $68,795.20 (+$2,410.20), SOL: $85.88 (+$7.13)
[18:42:25] === EMERGENCY CHECK ===
[OK] BTC: $68,749.21 (+$2,364.21), SOL: $85.76 (+$7.01)
[18:45:02] === EMERGENCY CHECK ===
[OK] BTC: $68,686.54 (+$2,301.54), SOL: $85.58 (+$6.83)
[18:50:02] === EMERGENCY CHECK ===
[OK] BTC: $68,737.87 (+$2,352.87), SOL: $85.62 (+$6.87)
[18:58:07] === EMERGENCY CHECK ===
[OK] BTC: $68,673.90 (+$2,288.90), SOL: $85.45 (+$6.70)
[19:04:10] === EMERGENCY CHECK ===
[OK] BTC: $68,623.40 (+$2,238.40), SOL: $85.26 (+$6.51)
[19:13:52] === EMERGENCY CHECK ===
[OK] BTC: $68,565.44 (+$2,180.44), SOL: $85.01 (+$6.26)
[19:15:05] === EMERGENCY CHECK ===
[OK] BTC: $68,647.99 (+$2,262.99), SOL: $85.08 (+$6.33)
[19:22:10] === EMERGENCY CHECK ===
[OK] BTC: $68,780.00 (+$2,395.00), SOL: $85.39 (+$6.64)
[19:25:02] === EMERGENCY CHECK ===
[OK] BTC: $68,800.00 (+$2,415.00), SOL: $85.50 (+$6.75)
[19:45:57] === EMERGENCY CHECK ===
[OK] BTC: $68,679.92 (+$2,294.92), SOL: $85.40 (+$6.65)
[19:52:26] === EMERGENCY CHECK ===
[OK] BTC: $68,624.68 (+$2,239.68), SOL: $85.36 (+$6.61)
[19:55:03] === EMERGENCY CHECK ===
[OK] BTC: $68,517.00 (+$2,132.00), SOL: $85.17 (+$6.42)
[20:05:13] === EMERGENCY CHECK ===
[OK] BTC: $68,426.71 (+$2,041.71), SOL: $85.16 (+$6.41)
[20:10:03] === EMERGENCY CHECK ===
[OK] BTC: $68,346.91 (+$1,961.91), SOL: $84.95 (+$6.20)
[20:15:29] === EMERGENCY CHECK ===
[OK] BTC: $68,242.62 (+$1,857.62), SOL: $84.87 (+$6.12)
[20:20:26] === EMERGENCY CHECK ===
[OK] BTC: $68,273.91 (+$1,888.91), SOL: $84.84 (+$6.09)
[20:25:14] === EMERGENCY CHECK ===
[OK] BTC: $68,311.92 (+$1,926.92), SOL: $84.93 (+$6.18)
[20:30:02] === EMERGENCY CHECK ===
[OK] BTC: $68,381.30 (+$1,996.30), SOL: $84.90 (+$6.15)
[20:35:38] === EMERGENCY CHECK ===
[OK] BTC: $68,428.00 (+$2,043.00), SOL: $84.96 (+$6.21)
[20:40:02] === EMERGENCY CHECK ===
[OK] BTC: $68,376.00 (+$1,991.00), SOL: $85.02 (+$6.27)
[20:53:55] === EMERGENCY CHECK ===
[OK] BTC: $68,116.00 (+$1,731.00), SOL: $84.72 (+$5.97)
[20:55:04] === EMERGENCY CHECK ===
[OK] BTC: $68,245.46 (+$1,860.46), SOL: $84.88 (+$6.13)
[21:00:35] === EMERGENCY CHECK ===
[OK] BTC: $68,211.50 (+$1,826.50), SOL: $84.76 (+$6.01)
[21:05:04] === EMERGENCY CHECK ===
[OK] BTC: $68,038.86 (+$1,653.86), SOL: $84.44 (+$5.69)
[21:10:02] === EMERGENCY CHECK ===
[OK] BTC: $68,066.00 (+$1,681.00), SOL: $84.57 (+$5.82)
[21:26:15] === EMERGENCY CHECK ===
[OK] BTC: $67,997.27 (+$1,612.27), SOL: $84.45 (+$5.70)
[21:30:14] === EMERGENCY CHECK ===
[OK] BTC: $67,942.70 (+$1,557.70), SOL: $84.40 (+$5.65)
[21:41:55] === EMERGENCY CHECK ===
[OK] BTC: $68,015.82 (+$1,630.82), SOL: $84.81 (+$6.06)
[21:46:55] === EMERGENCY CHECK ===
[OK] BTC: $67,982.25 (+$1,597.25), SOL: $84.74 (+$5.99)
[21:51:00] === EMERGENCY CHECK ===
[OK] BTC: $68,031.60 (+$1,646.60), SOL: $84.97 (+$6.22)
[21:55:02] === EMERGENCY CHECK ===
[OK] BTC: $68,054.30 (+$1,669.30), SOL: $85.07 (+$6.32)
[22:18:03] === EMERGENCY CHECK ===
[OK] BTC: $68,327.48 (+$1,942.48), SOL: $85.73 (+$6.98)
[22:22:54] === EMERGENCY CHECK ===
[OK] BTC: $68,313.81 (+$1,928.81), SOL: $85.99 (+$7.24)
[22:26:12] === EMERGENCY CHECK ===
[OK] BTC: $68,273.76 (+$1,888.76), SOL: $85.98 (+$7.23)
[22:46:46] === EMERGENCY CHECK ===
[OK] BTC: $68,364.31 (+$1,979.31), SOL: $86.37 (+$7.62)
[23:20:27] === EMERGENCY CHECK ===
[OK] BTC: $68,540.00 (+$2,155.00), SOL: $87.21 (+$8.46)
[23:32:30] === EMERGENCY CHECK ===
[OK] BTC: $68,532.00 (+$2,147.00), SOL: $86.98 (+$8.23)
[23:56:44] === EMERGENCY CHECK ===
[OK] BTC: $68,281.00 (+$1,896.00), SOL: $86.97 (+$8.22)
[01:24:31] === EMERGENCY CHECK ===
[OK] BTC: $68,007.73 (+$1,622.73), SOL: $86.68 (+$7.93)
[01:58:28] === EMERGENCY CHECK ===
[OK] BTC: $68,443.55 (+$2,058.55), SOL: $87.30 (+$8.55)
[03:52:09] === EMERGENCY CHECK ===
[OK] BTC: $67,620.00 (+$1,235.00), SOL: $85.54 (+$6.79)
[06:06:54] === EMERGENCY CHECK ===
[OK] BTC: $68,137.90 (+$1,752.90), SOL: $85.51 (+$6.76)
[06:54:55] === EMERGENCY CHECK ===
[OK] BTC: $68,499.29 (+$2,114.29), SOL: $85.55 (+$6.80)
