🔍 Scanning Coinbase markets...
============================================================
📊 COINBASE MARKET SCAN
============================================================
Time: 2026-03-08 18:20:31 GMT

💰 LIVE PRICES:
----------------------------------------
📉 BTC-USD      $ 66,851.97 (-1.14%)
📉 ETH-USD      $  1,933.79 (-1.88%)
📉 SOL-USD      $     81.57 (-2.08%)
📉 SOL-GBP      $     60.88 (-2.03%)
📉 BTC-GBP      $ 49,929.46 (-1.05%)

📈 TREND ANALYSIS (6H):
----------------------------------------
SOL-USD      NEUTRAL ↔️   (-0.02%)
BTC-USD      NEUTRAL ↔️   (+0.04%)
ETH-USD      NEUTRAL ↔️   (-0.01%)

💼 PORTFOLIO POSITIONS:
----------------------------------------
🔴 SOL: $81.57 (Entry: $87.50)
   P&L: -6.78% ($-0.45)

============================================================
📄 Report saved: /Users/quentincasares/.openclaw/workspace/trading/MARKET-ANALYSIS.json
📄 Markdown saved: /Users/quentincasares/.openclaw/workspace/trading/MARKET-ANALYSIS.md
[2026-03-08T18:20:31+00:00] Hourly scan complete
🔍 Scanning Coinbase markets...
============================================================
📊 COINBASE MARKET SCAN
============================================================
Time: 2026-03-08 21:05:28 GMT

💰 LIVE PRICES:
----------------------------------------
📉 BTC-USD      $ 67,170.21 (-0.34%)
📉 ETH-USD      $  1,957.37 (-0.47%)
📉 SOL-USD      $     82.25 (-0.82%)
📉 SOL-GBP      $     61.56 (-0.60%)
📉 BTC-GBP      $ 50,240.38 (-0.15%)

📈 TREND ANALYSIS (6H):
----------------------------------------
SOL-USD      NEUTRAL ↔️   (-0.22%)
BTC-USD      NEUTRAL ↔️   (-0.12%)
ETH-USD      NEUTRAL ↔️   (-0.17%)

💼 PORTFOLIO POSITIONS:
----------------------------------------
🔴 SOL: $82.25 (Entry: $87.50)
   P&L: -6.00% ($-0.40)

============================================================
📄 Report saved: /Users/quentincasares/.openclaw/workspace/trading/MARKET-ANALYSIS.json
📄 Markdown saved: /Users/quentincasares/.openclaw/workspace/trading/MARKET-ANALYSIS.md
[2026-03-08T21:05:28+00:00] Hourly scan complete
🔍 Scanning Coinbase markets...
============================================================
📊 COINBASE MARKET SCAN
============================================================
Time: 2026-03-08 22:18:14 GMT

💰 LIVE PRICES:
----------------------------------------
📉 BTC-USD      $ 66,027.43 (-1.97%)
📉 ETH-USD      $  1,929.63 (-1.99%)
📉 SOL-USD      $     81.15 (-2.42%)
📉 SOL-GBP      $     60.90 (-1.95%)
📉 BTC-GBP      $ 49,590.88 (-1.36%)

📈 TREND ANALYSIS (6H):
----------------------------------------
SOL-USD      NEUTRAL ↔️   (-0.42%)
BTC-USD      NEUTRAL ↔️   (-0.25%)
ETH-USD      NEUTRAL ↔️   (-0.32%)

💼 PORTFOLIO POSITIONS:
----------------------------------------
🔴 SOL: $81.14 (Entry: $87.50)
   P&L: -7.27% ($-0.48)

============================================================
📄 Report saved: /Users/quentincasares/.openclaw/workspace/trading/MARKET-ANALYSIS.json
📄 Markdown saved: /Users/quentincasares/.openclaw/workspace/trading/MARKET-ANALYSIS.md
[2026-03-08T22:18:14+00:00] Hourly scan complete
🔍 Scanning Coinbase markets...
============================================================
📊 COINBASE MARKET SCAN
============================================================
Time: 2026-03-08 22:18:27 GMT

💰 LIVE PRICES:
----------------------------------------
📉 BTC-USD      $ 66,018.27 (-1.99%)
📉 ETH-USD      $  1,928.49 (-2.05%)
📉 SOL-USD      $     81.14 (-2.43%)
📉 SOL-GBP      $     60.90 (-1.95%)
📉 BTC-GBP      $ 49,595.52 (-1.35%)

📈 TREND ANALYSIS (6H):
----------------------------------------
SOL-USD      NEUTRAL ↔️   (-0.42%)
BTC-USD      NEUTRAL ↔️   (-0.25%)
ETH-USD      NEUTRAL ↔️   (-0.32%)

💼 PORTFOLIO POSITIONS:
----------------------------------------
🔴 SOL: $81.14 (Entry: $87.50)
   P&L: -7.27% ($-0.48)

============================================================
📄 Report saved: /Users/quentincasares/.openclaw/workspace/trading/MARKET-ANALYSIS.json
📄 Markdown saved: /Users/quentincasares/.openclaw/workspace/trading/MARKET-ANALYSIS.md
[2026-03-08T22:18:27+00:00] Hourly scan complete
🔍 Scanning Coinbase markets...
============================================================
📊 COINBASE MARKET SCAN
============================================================
Time: 2026-03-09 17:47:28 GMT

💰 LIVE PRICES:
----------------------------------------
🚀 BTC-USD      $ 68,409.12 (+2.01%)
🚀 ETH-USD      $  2,010.06 (+3.80%)
🚀 SOL-USD      $     84.51 (+3.59%)
🚀 SOL-GBP      $     63.16 (+3.61%)
🚀 BTC-GBP      $ 51,136.99 (+2.12%)

📈 TREND ANALYSIS (6H):
----------------------------------------
SOL-USD      NEUTRAL ↔️   (-0.14%)
BTC-USD      NEUTRAL ↔️   (-0.04%)
ETH-USD      NEUTRAL ↔️   (-0.15%)

💼 PORTFOLIO POSITIONS:
----------------------------------------
🔴 SOL: $84.52 (Entry: $87.50)
   P&L: -3.41% ($-0.23)

============================================================
📄 Report saved: /Users/quentincasares/.openclaw/workspace/trading/MARKET-ANALYSIS.json
📄 Markdown saved: /Users/quentincasares/.openclaw/workspace/trading/MARKET-ANALYSIS.md
[2026-03-09T17:47:28+00:00] Hourly scan complete
🔍 Scanning Coinbase markets...
============================================================
📊 COINBASE MARKET SCAN
============================================================
Time: 2026-03-09 17:48:14 GMT

💰 LIVE PRICES:
----------------------------------------
🚀 BTC-USD      $ 68,496.47 (+2.08%)
🚀 ETH-USD      $  2,013.55 (+3.92%)
🚀 SOL-USD      $     84.65 (+3.61%)
🚀 SOL-GBP      $     63.24 (+3.66%)
🚀 BTC-GBP      $ 51,180.59 (+2.11%)

📈 TREND ANALYSIS (6H):
----------------------------------------
SOL-USD      NEUTRAL ↔️   (-0.14%)
BTC-USD      NEUTRAL ↔️   (-0.04%)
ETH-USD      NEUTRAL ↔️   (-0.15%)

💼 PORTFOLIO POSITIONS:
----------------------------------------
🔴 SOL: $84.67 (Entry: $87.50)
   P&L: -3.23% ($-0.22)

============================================================
📄 Report saved: /Users/quentincasares/.openclaw/workspace/trading/MARKET-ANALYSIS.json
📄 Markdown saved: /Users/quentincasares/.openclaw/workspace/trading/MARKET-ANALYSIS.md
[2026-03-09T17:48:14+00:00] Hourly scan complete
🔍 Scanning Coinbase markets...
============================================================
📊 COINBASE MARKET SCAN
============================================================
Time: 2026-03-09 17:48:21 GMT

💰 LIVE PRICES:
----------------------------------------
🚀 BTC-USD      $ 68,470.00 (+2.04%)
🚀 ETH-USD      $  2,012.62 (+3.87%)
🚀 SOL-USD      $     84.63 (+3.59%)
🚀 SOL-GBP      $     63.24 (+3.66%)
🚀 BTC-GBP      $ 51,180.59 (+2.11%)

📈 TREND ANALYSIS (6H):
----------------------------------------
SOL-USD      NEUTRAL ↔️   (-0.14%)
BTC-USD      NEUTRAL ↔️   (-0.04%)
ETH-USD      NEUTRAL ↔️   (-0.15%)

💼 PORTFOLIO POSITIONS:
----------------------------------------
🔴 SOL: $84.63 (Entry: $87.50)
   P&L: -3.28% ($-0.22)

============================================================
📄 Report saved: /Users/quentincasares/.openclaw/workspace/trading/MARKET-ANALYSIS.json
📄 Markdown saved: /Users/quentincasares/.openclaw/workspace/trading/MARKET-ANALYSIS.md
[2026-03-09T17:48:21+00:00] Hourly scan complete
🔍 Scanning Coinbase markets...
============================================================
📊 COINBASE MARKET SCAN
============================================================
Time: 2026-03-09 17:48:26 GMT

💰 LIVE PRICES:
----------------------------------------
🚀 BTC-USD      $ 68,487.12 (+2.07%)
🚀 ETH-USD      $  2,013.93 (+3.94%)
🚀 SOL-USD      $     84.69 (+3.66%)
🚀 SOL-GBP      $     63.24 (+3.66%)
🚀 BTC-GBP      $ 51,180.59 (+2.11%)

📈 TREND ANALYSIS (6H):
----------------------------------------
SOL-USD      NEUTRAL ↔️   (-0.14%)
BTC-USD      NEUTRAL ↔️   (-0.04%)
ETH-USD      NEUTRAL ↔️   (-0.15%)

💼 PORTFOLIO POSITIONS:
----------------------------------------
🔴 SOL: $84.69 (Entry: $87.50)
   P&L: -3.21% ($-0.21)

============================================================
📄 Report saved: /Users/quentincasares/.openclaw/workspace/trading/MARKET-ANALYSIS.json
📄 Markdown saved: /Users/quentincasares/.openclaw/workspace/trading/MARKET-ANALYSIS.md
[2026-03-09T17:48:26+00:00] Hourly scan complete
🔍 Scanning Coinbase markets...
============================================================
📊 COINBASE MARKET SCAN
============================================================
Time: 2026-03-09 17:49:05 GMT

💰 LIVE PRICES:
----------------------------------------
🚀 BTC-USD      $ 68,512.07 (+2.11%)
🚀 ETH-USD      $  2,013.41 (+3.91%)
🚀 SOL-USD      $     84.73 (+3.71%)
🚀 SOL-GBP      $     63.24 (+3.77%)
🚀 BTC-GBP      $ 51,187.77 (+2.13%)

📈 TREND ANALYSIS (6H):
----------------------------------------
SOL-USD      NEUTRAL ↔️   (-0.14%)
BTC-USD      NEUTRAL ↔️   (-0.04%)
ETH-USD      NEUTRAL ↔️   (-0.15%)

💼 PORTFOLIO POSITIONS:
----------------------------------------
🔴 SOL: $84.73 (Entry: $87.50)
   P&L: -3.17% ($-0.21)

============================================================
📄 Report saved: /Users/quentincasares/.openclaw/workspace/trading/MARKET-ANALYSIS.json
📄 Markdown saved: /Users/quentincasares/.openclaw/workspace/trading/MARKET-ANALYSIS.md
[2026-03-09T17:49:05+00:00] Hourly scan complete
