[2026-03-06 11:12:05] 📊 Position Monitor Starting...
[2026-03-06 11:12:05] Monitoring 2 position(s)
[2026-03-06 11:12:06] 
🔴 NEAR-USDC
   Entry: $1.3860 → Current: $1.2595
   P&L: -9.13% ($-0.45)
   🛑 CRITICAL: Near stop loss ($1.2890)
[2026-03-06 11:12:06] 
🟢 VVV-USDC
   Entry: $6.1400 → Current: $6.1776
   P&L: +0.61% ($+0.02)
[2026-03-06 11:12:06] 
==================================================
[2026-03-06 11:12:06] Total P&L: $-0.43
[2026-03-06 11:12:06] Positions monitored: 2
[2026-03-06 17:40:25] 📊 Position Monitor Starting...
[2026-03-06 17:40:25] Monitoring 1 position(s)
[2026-03-06 17:40:26] 
==================================================
[2026-03-06 17:40:26] Total P&L: $-82.42
[2026-03-06 17:40:26] Positions monitored: 1
[2026-03-08 18:20:21] 📊 Position Monitor Starting...
[2026-03-08 18:20:21] Monitoring 3 position(s)
[2026-03-08 18:20:22] 
🔴 SOL-USD
   Entry: $84.6700 → Current: $81.4400
   P&L: -3.81% ($-57.22)
   🛑 CRITICAL: Near stop loss ($83.0000)
[2026-03-08 18:20:22] 
🟢 BTC-USD
   Entry: $51175.0000 → Current: $66801.9950
   P&L: +30.54% ($+458.05)
   🎯 TARGET TP1: $51686.0000
[2026-03-08 18:20:22] 
🔴 ETH-USD
   Entry: $1975.0900 → Current: $1930.5900
   P&L: -2.25% ($-33.80)
   🛑 CRITICAL: Near stop loss ($1935.6100)
[2026-03-08 18:20:22] 
==================================================
[2026-03-08 18:20:22] Total P&L: $+367.03
[2026-03-08 18:20:22] Positions monitored: 3
[2026-03-08 18:20:21] 📊 Position Monitor Starting...
[2026-03-08 18:20:21] Monitoring 3 position(s)
[2026-03-08 18:20:22] 
🔴 SOL-USD
   Entry: $84.6700 → Current: $81.4400
   P&L: -3.81% ($-57.22)
   🛑 CRITICAL: Near stop loss ($83.0000)
[2026-03-08 18:20:22] 
🟢 BTC-USD
   Entry: $51175.0000 → Current: $66801.9950
   P&L: +30.54% ($+458.05)
   🎯 TARGET TP1: $51686.0000
[2026-03-08 18:20:22] 
🔴 ETH-USD
   Entry: $1975.0900 → Current: $1930.5900
   P&L: -2.25% ($-33.80)
   🛑 CRITICAL: Near stop loss ($1935.6100)
[2026-03-08 18:20:22] 
==================================================
[2026-03-08 18:20:22] Total P&L: $+367.03
[2026-03-08 18:20:22] Positions monitored: 3
[2026-03-08 21:23:32] 📊 Position Monitor Starting...
[2026-03-08 21:23:32] Monitoring 3 position(s)
[2026-03-08 21:23:33] 
🔴 SOL-USD
   Entry: $84.6700 → Current: $81.9450
   P&L: -3.22% ($-48.28)
   🛑 CRITICAL: Near stop loss ($83.0000)
[2026-03-08 21:23:33] 
🟢 BTC-USD
   Entry: $51175.0000 → Current: $66904.7850
   P&L: +30.74% ($+461.06)
   🎯 TARGET TP1: $51686.0000
[2026-03-08 21:23:34] 
🔴 ETH-USD
   Entry: $1975.0900 → Current: $1949.2750
   P&L: -1.31% ($-19.61)
   🛑 CRITICAL: Near stop loss ($1935.6100)
   🎯 TARGET TP1: $1994.8400
[2026-03-08 21:23:34] 
==================================================
[2026-03-08 21:23:34] Total P&L: $+393.18
[2026-03-08 21:23:34] Positions monitored: 3
[2026-03-08 21:23:32] 📊 Position Monitor Starting...
[2026-03-08 21:23:32] Monitoring 3 position(s)
[2026-03-08 21:23:33] 
🔴 SOL-USD
   Entry: $84.6700 → Current: $81.9450
   P&L: -3.22% ($-48.28)
   🛑 CRITICAL: Near stop loss ($83.0000)
[2026-03-08 21:23:33] 
🟢 BTC-USD
   Entry: $51175.0000 → Current: $66904.7850
   P&L: +30.74% ($+461.06)
   🎯 TARGET TP1: $51686.0000
[2026-03-08 21:23:34] 
🔴 ETH-USD
   Entry: $1975.0900 → Current: $1949.2750
   P&L: -1.31% ($-19.61)
   🛑 CRITICAL: Near stop loss ($1935.6100)
   🎯 TARGET TP1: $1994.8400
[2026-03-08 21:23:34] 
==================================================
[2026-03-08 21:23:34] Total P&L: $+393.18
[2026-03-08 21:23:34] Positions monitored: 3
[2026-03-08 21:23:49] 📊 Position Monitor Starting...
[2026-03-08 21:23:49] Monitoring 3 position(s)
[2026-03-08 21:23:50] 
🔴 SOL-USD
   Entry: $84.6700 → Current: $81.9450
   P&L: -3.22% ($-48.28)
   🛑 CRITICAL: Near stop loss ($83.0000)
[2026-03-08 21:23:50] 
🟢 BTC-USD
   Entry: $51175.0000 → Current: $66904.7850
   P&L: +30.74% ($+461.06)
   🎯 TARGET TP1: $51686.0000
[2026-03-08 21:23:51] 
🔴 ETH-USD
   Entry: $1975.0900 → Current: $1949.2500
   P&L: -1.31% ($-19.62)
   🛑 CRITICAL: Near stop loss ($1935.6100)
   🎯 TARGET TP1: $1994.8400
[2026-03-08 21:23:51] 
==================================================
[2026-03-08 21:23:51] Total P&L: $+393.16
[2026-03-08 21:23:51] Positions monitored: 3
[2026-03-08 21:23:49] 📊 Position Monitor Starting...
[2026-03-08 21:23:49] Monitoring 3 position(s)
[2026-03-08 21:23:50] 
🔴 SOL-USD
   Entry: $84.6700 → Current: $81.9450
   P&L: -3.22% ($-48.28)
   🛑 CRITICAL: Near stop loss ($83.0000)
[2026-03-08 21:23:50] 
🟢 BTC-USD
   Entry: $51175.0000 → Current: $66904.7850
   P&L: +30.74% ($+461.06)
   🎯 TARGET TP1: $51686.0000
[2026-03-08 21:23:51] 
🔴 ETH-USD
   Entry: $1975.0900 → Current: $1949.2500
   P&L: -1.31% ($-19.62)
   🛑 CRITICAL: Near stop loss ($1935.6100)
   🎯 TARGET TP1: $1994.8400
[2026-03-08 21:23:51] 
==================================================
[2026-03-08 21:23:51] Total P&L: $+393.16
[2026-03-08 21:23:51] Positions monitored: 3
[2026-03-08 22:31:06] 📊 Position Monitor Starting...
[2026-03-08 22:31:06] Monitoring 3 position(s)
[2026-03-08 22:31:06] 
🔴 SOL-USD
   Entry: $84.6700 → Current: $81.1900
   P&L: -4.11% ($-61.65)
   🛑 CRITICAL: Near stop loss ($83.0000)
[2026-03-08 22:31:07] 
🟢 BTC-USD
   Entry: $51175.0000 → Current: $65839.4250
   P&L: +28.66% ($+429.83)
   🎯 TARGET TP1: $51686.0000
[2026-03-08 22:31:07] 
🔴 ETH-USD
   Entry: $1975.0900 → Current: $1927.5600
   P&L: -2.41% ($-36.10)
   🛑 CRITICAL: Near stop loss ($1935.6100)
[2026-03-08 22:31:07] 
==================================================
[2026-03-08 22:31:07] Total P&L: $+332.08
[2026-03-08 22:31:07] Positions monitored: 3
[2026-03-08 22:31:06] 📊 Position Monitor Starting...
[2026-03-08 22:31:06] Monitoring 3 position(s)
[2026-03-08 22:31:06] 
🔴 SOL-USD
   Entry: $84.6700 → Current: $81.1900
   P&L: -4.11% ($-61.65)
   🛑 CRITICAL: Near stop loss ($83.0000)
[2026-03-08 22:31:07] 
🟢 BTC-USD
   Entry: $51175.0000 → Current: $65839.4250
   P&L: +28.66% ($+429.83)
   🎯 TARGET TP1: $51686.0000
[2026-03-08 22:31:07] 
🔴 ETH-USD
   Entry: $1975.0900 → Current: $1927.5600
   P&L: -2.41% ($-36.10)
   🛑 CRITICAL: Near stop loss ($1935.6100)
[2026-03-08 22:31:07] 
==================================================
[2026-03-08 22:31:07] Total P&L: $+332.08
[2026-03-08 22:31:07] Positions monitored: 3
