[2026-03-08T18:20:31.971274] ============================================================
[2026-03-08T18:20:31.971350] AUTONOMOUS STRATEGY CONTROLLER
[2026-03-08T18:20:31.971377] ============================================================
[2026-03-08T18:20:34.653252] Portfolio Value: $47.60
[2026-03-08T18:20:34.653549] Current Prices:
[2026-03-08T18:20:34.653609]   BTC-USD: $66,866.21
[2026-03-08T18:20:34.653650]   ETH-USD: $1,933.22
[2026-03-08T18:20:34.653685]   SOL-USD: $81.57
[2026-03-08T18:20:34.653745] 
Generated 3 signals:
[2026-03-08T18:20:34.653777]   BTC-USD: BUY (LONG) - Confidence: 100.0%
[2026-03-08T18:20:34.653808]   ETH-USD: WATCH (SHORT) - Confidence: 50.0%
[2026-03-08T18:20:34.653839]   SOL-USD: WATCH (SHORT) - Confidence: 50.0%
[2026-03-08T18:20:34.653876] Position size $0.95 too small, skipping
[2026-03-08T18:20:34.653906] 
Executed 0 trades
[2026-03-08T18:20:34.653935] ============================================================
[2026-03-08T18:20:31.971274] ============================================================
[2026-03-08T18:20:31.971350] AUTONOMOUS STRATEGY CONTROLLER
[2026-03-08T18:20:31.971377] ============================================================
[2026-03-08T18:20:34.653252] Portfolio Value: $47.60
[2026-03-08T18:20:34.653549] Current Prices:
[2026-03-08T18:20:34.653609]   BTC-USD: $66,866.21
[2026-03-08T18:20:34.653650]   ETH-USD: $1,933.22
[2026-03-08T18:20:34.653685]   SOL-USD: $81.57
[2026-03-08T18:20:34.653745] 
Generated 3 signals:
[2026-03-08T18:20:34.653777]   BTC-USD: BUY (LONG) - Confidence: 100.0%
[2026-03-08T18:20:34.653808]   ETH-USD: WATCH (SHORT) - Confidence: 50.0%
[2026-03-08T18:20:34.653839]   SOL-USD: WATCH (SHORT) - Confidence: 50.0%
[2026-03-08T18:20:34.653876] Position size $0.95 too small, skipping
[2026-03-08T18:20:34.653906] 
Executed 0 trades
[2026-03-08T18:20:34.653935] ============================================================
