Tue Mar  3 19:26:22 GMT 2026: Checking trading system status...
Tue Mar  3 19:26:22 GMT 2026: Position monitor OK
Tue Mar  3 19:26:22 GMT 2026: System check complete
Tue Mar  3 19:46:22 GMT 2026: Checking trading system status...
Tue Mar  3 19:46:22 GMT 2026: Position monitor OK
Tue Mar  3 19:46:22 GMT 2026: System check complete
Tue Mar  3 19:56:30 GMT 2026: Checking trading system status...
Tue Mar  3 19:56:30 GMT 2026: Position monitor OK
Tue Mar  3 19:56:30 GMT 2026: System check complete
Tue Mar  3 20:06:24 GMT 2026: Checking trading system status...
Tue Mar  3 20:06:24 GMT 2026: Position monitor OK
Tue Mar  3 20:06:24 GMT 2026: System check complete
Tue Mar  3 20:19:44 GMT 2026: Checking trading system status...
Tue Mar  3 20:19:44 GMT 2026: Position monitor OK
Tue Mar  3 20:19:44 GMT 2026: System check complete
Tue Mar  3 20:29:42 GMT 2026: Checking trading system status...
Tue Mar  3 20:29:42 GMT 2026: Position monitor OK
Tue Mar  3 20:29:42 GMT 2026: System check complete
Tue Mar  3 20:39:48 GMT 2026: Checking trading system status...
Tue Mar  3 20:39:48 GMT 2026: Position monitor OK
Tue Mar  3 20:39:48 GMT 2026: System check complete
Tue Mar  3 20:54:47 GMT 2026: Checking trading system status...
Tue Mar  3 20:54:47 GMT 2026: Position monitor OK
Tue Mar  3 20:54:47 GMT 2026: System check complete
Tue Mar  3 21:04:43 GMT 2026: Checking trading system status...
Tue Mar  3 21:04:43 GMT 2026: Position monitor OK
Tue Mar  3 21:04:43 GMT 2026: System check complete
Tue Mar  3 21:27:29 GMT 2026: Trading system health check - Position monitor running (PID: 4997), no stuck processes
Tue Mar  3 21:42:13 GMT 2026: Checking trading system status...
Tue Mar  3 21:42:13 GMT 2026: Position monitor OK
Tue Mar  3 21:42:13 GMT 2026: System check complete
Tue Mar  3 21:52:15 GMT 2026: Checking trading system status...
Tue Mar  3 21:52:15 GMT 2026: Position monitor OK
Tue Mar  3 21:52:15 GMT 2026: System check complete
Tue Mar  3 22:09:22 GMT 2026: Checking trading system status...
Tue Mar  3 22:09:23 GMT 2026: Position monitor OK
Tue Mar  3 22:09:23 GMT 2026: System check complete
Tue Mar  3 22:23:04 GMT 2026: Checking trading system status...
Tue Mar  3 22:23:04 GMT 2026: Position monitor OK
Tue Mar  3 22:23:04 GMT 2026: System check complete
Tue Mar  3 22:47:39 GMT 2026: Checking trading system status...
Tue Mar  3 22:47:39 GMT 2026: Position monitor OK
Tue Mar  3 22:47:39 GMT 2026: System check complete
Tue Mar  3 23:20:50 GMT 2026: Checking trading system status...
Tue Mar  3 23:20:50 GMT 2026: Position monitor OK
Tue Mar  3 23:20:50 GMT 2026: System check complete
Tue Mar  3 23:32:51 GMT 2026: Checking trading system status...
Tue Mar  3 23:32:51 GMT 2026: Position monitor OK
Tue Mar  3 23:32:51 GMT 2026: System check complete
Wed Mar  4 00:34:31 GMT 2026: Checking trading system status...
Wed Mar  4 00:34:31 GMT 2026: Position monitor OK
Wed Mar  4 00:34:31 GMT 2026: System check complete
Wed Mar  4 02:31:46 GMT 2026: Checking trading system status...
Wed Mar  4 02:31:46 GMT 2026: Position monitor OK
Wed Mar  4 02:31:46 GMT 2026: System check complete
Wed Mar  4 06:57:08 GMT 2026: Checking trading system status...
Wed Mar  4 06:57:08 GMT 2026: Position monitor OK
Wed Mar  4 06:57:08 GMT 2026: System check complete
Wed Mar  4 07:42:54 GMT 2026: Checking trading system status...
Wed Mar  4 07:42:54 GMT 2026: Position monitor OK
Wed Mar  4 07:42:54 GMT 2026: System check complete
Wed Mar  4 07:49:33 GMT 2026: Checking trading system status...
Wed Mar  4 07:49:33 GMT 2026: Position monitor OK
Wed Mar  4 07:49:33 GMT 2026: System check complete
Wed Mar  4 07:58:59 GMT 2026: Checking trading system status...
Wed Mar  4 07:58:59 GMT 2026: Position monitor OK
Wed Mar  4 07:58:59 GMT 2026: System check complete
Wed Mar  4 08:00:35 GMT 2026: Checking trading system status...
Wed Mar  4 08:00:35 GMT 2026: Position monitor OK
Wed Mar  4 08:00:35 GMT 2026: System check complete
Wed Mar  4 08:41:32 GMT 2026: Checking trading system status...
Wed Mar  4 08:41:32 GMT 2026: Position monitor OK
Wed Mar  4 08:41:32 GMT 2026: System check complete
Wed Mar  4 09:02:50 GMT 2026: Checking trading system status...
Wed Mar  4 09:02:50 GMT 2026: Position monitor OK
Wed Mar  4 09:02:50 GMT 2026: System check complete
Wed Mar  4 09:17:48 GMT 2026: Checking trading system status...
Wed Mar  4 09:17:48 GMT 2026: Position monitor OK
Wed Mar  4 09:17:48 GMT 2026: System check complete
Wed Mar  4 09:55:03 GMT 2026: Checking trading system status...
Wed Mar  4 09:55:03 GMT 2026: Position monitor OK
Wed Mar  4 09:55:03 GMT 2026: System check complete
Wed Mar  4 09:55:44 GMT 2026: Checking trading system status...
Wed Mar  4 09:55:44 GMT 2026: Position monitor OK
Wed Mar  4 09:55:44 GMT 2026: System check complete
Wed Mar  4 10:11:35 GMT 2026: Checking trading system status...
Wed Mar  4 10:11:35 GMT 2026: Position monitor OK
Wed Mar  4 10:11:35 GMT 2026: System check complete
Wed Mar  4 10:23:40 GMT 2026: Checking trading system status...
Wed Mar  4 10:23:40 GMT 2026: Position monitor OK
Wed Mar  4 10:23:40 GMT 2026: System check complete
Wed Mar  4 10:29:16 GMT 2026: Checking trading system status...
Wed Mar  4 10:29:16 GMT 2026: Position monitor OK
Wed Mar  4 10:29:16 GMT 2026: System check complete
Wed Mar  4 10:34:44 GMT 2026: Checking trading system status...
Wed Mar  4 10:34:44 GMT 2026: Position monitor OK
Wed Mar  4 10:34:44 GMT 2026: System check complete
Wed Mar  4 10:44:13 GMT 2026: Checking trading system status...
Wed Mar  4 10:44:13 GMT 2026: Position monitor OK
Wed Mar  4 10:44:13 GMT 2026: System check complete
Wed Mar  4 10:44:45 GMT 2026: Checking trading system status...
Wed Mar  4 10:44:45 GMT 2026: Position monitor OK
Wed Mar  4 10:44:45 GMT 2026: System check complete
Wed Mar  4 10:58:20 GMT 2026: Checking trading system status...
Wed Mar  4 10:58:20 GMT 2026: Position monitor OK
Wed Mar  4 10:58:20 GMT 2026: System check complete
Wed Mar  4 10:59:17 GMT 2026: Checking trading system status...
Wed Mar  4 10:59:17 GMT 2026: Position monitor OK
Wed Mar  4 10:59:17 GMT 2026: System check complete
Wed Mar  4 11:08:20 GMT 2026: Checking trading system status...
Wed Mar  4 11:08:20 GMT 2026: Position monitor OK
Wed Mar  4 11:08:20 GMT 2026: System check complete
Wed Mar  4 11:14:55 GMT 2026: Checking trading system status...
Wed Mar  4 11:14:55 GMT 2026: Position monitor OK
Wed Mar  4 11:14:55 GMT 2026: System check complete
Wed Mar  4 11:18:20 GMT 2026: Checking trading system status...
Wed Mar  4 11:18:20 GMT 2026: Position monitor OK
Wed Mar  4 11:18:20 GMT 2026: System check complete
Wed Mar  4 11:28:20 GMT 2026: Checking trading system status...
Wed Mar  4 11:28:20 GMT 2026: Position monitor OK
Wed Mar  4 11:28:20 GMT 2026: System check complete
Wed Mar  4 11:29:50 GMT 2026: Checking trading system status...
Wed Mar  4 11:29:50 GMT 2026: Position monitor OK
Wed Mar  4 11:29:50 GMT 2026: System check complete
Wed Mar  4 11:31:41 GMT 2026: Checking trading system status...
Wed Mar  4 11:31:41 GMT 2026: Position monitor OK
Wed Mar  4 11:31:41 GMT 2026: System check complete
Wed Mar  4 11:38:21 GMT 2026: Checking trading system status...
Wed Mar  4 11:38:21 GMT 2026: Position monitor OK
Wed Mar  4 11:38:21 GMT 2026: System check complete
Wed Mar  4 11:44:53 GMT 2026: Checking trading system status...
Wed Mar  4 11:44:53 GMT 2026: Position monitor OK
Wed Mar  4 11:44:53 GMT 2026: System check complete
Wed Mar  4 11:48:21 GMT 2026: Checking trading system status...
Wed Mar  4 11:48:21 GMT 2026: Position monitor OK
Wed Mar  4 11:48:21 GMT 2026: System check complete
Wed Mar  4 11:58:20 GMT 2026: Checking trading system status...
Wed Mar  4 11:58:20 GMT 2026: Position monitor OK
Wed Mar  4 11:58:20 GMT 2026: System check complete
Wed Mar  4 12:07:58 GMT 2026: Checking trading system status...
Wed Mar  4 12:07:58 GMT 2026: Position monitor OK
Wed Mar  4 12:07:58 GMT 2026: System check complete
Wed Mar  4 12:09:20 GMT 2026: Checking trading system status...
Wed Mar  4 12:09:20 GMT 2026: Position monitor OK
Wed Mar  4 12:09:20 GMT 2026: System check complete
Wed Mar  4 12:15:12 GMT 2026: Checking trading system status...
Wed Mar  4 12:15:12 GMT 2026: Position monitor OK
Wed Mar  4 12:15:12 GMT 2026: System check complete
Wed Mar  4 12:18:52 GMT 2026: Checking trading system status...
Wed Mar  4 12:18:52 GMT 2026: Position monitor OK
Wed Mar  4 12:18:52 GMT 2026: System check complete
Wed Mar  4 12:29:48 GMT 2026: Checking trading system status...
Wed Mar  4 12:29:48 GMT 2026: Position monitor OK
Wed Mar  4 12:29:48 GMT 2026: System check complete
Wed Mar  4 12:39:42 GMT 2026: Checking trading system status...
Wed Mar  4 12:39:42 GMT 2026: Position monitor OK
Wed Mar  4 12:39:42 GMT 2026: System check complete
Wed Mar  4 12:43:46 GMT 2026: Checking trading system status...
Wed Mar  4 12:43:46 GMT 2026: Position monitor OK
Wed Mar  4 12:43:46 GMT 2026: System check complete
Wed Mar  4 12:49:49 GMT 2026: Checking trading system status...
Wed Mar  4 12:49:49 GMT 2026: Position monitor OK
Wed Mar  4 12:49:49 GMT 2026: System check complete
Wed Mar  4 12:53:46 GMT 2026: Checking trading system status...
Wed Mar  4 12:53:46 GMT 2026: Position monitor OK
Wed Mar  4 12:53:46 GMT 2026: System check complete
Fri Mar  6 07:21:46 GMT 2026: Checking trading system status...
Fri Mar  6 07:21:46 GMT 2026: Position monitor not running. Restarting...
Fri Mar  6 07:21:46 GMT 2026: Position monitor restarted (PID: 24044)
Fri Mar  6 07:21:46 GMT 2026: System check complete
Fri Mar  6 07:33:48 GMT 2026: Checking trading system status...
Fri Mar  6 07:33:48 GMT 2026: Position monitor OK
Fri Mar  6 07:33:48 GMT 2026: System check complete
Fri Mar  6 07:34:14 GMT 2026: Checking trading system status...
Fri Mar  6 07:34:14 GMT 2026: Position monitor OK
Fri Mar  6 07:34:14 GMT 2026: System check complete
Fri Mar  6 07:57:39 GMT 2026: Checking trading system status...
Fri Mar  6 07:57:39 GMT 2026: Position monitor OK
Fri Mar  6 07:57:39 GMT 2026: System check complete
Fri Mar  6 08:35:29 GMT 2026: Checking trading system status...
Fri Mar  6 08:35:29 GMT 2026: Position monitor OK
Fri Mar  6 08:35:29 GMT 2026: System check complete
Fri Mar  6 11:49:45 GMT 2026: Checking trading system status...
Fri Mar  6 11:49:45 GMT 2026: Position monitor OK
Fri Mar  6 11:49:45 GMT 2026: System check complete
Fri Mar  6 11:49:53 GMT 2026: Checking trading system status...
Fri Mar  6 11:49:53 GMT 2026: Position monitor OK
Fri Mar  6 11:49:53 GMT 2026: System check complete
Fri Mar  6 14:39:38 GMT 2026: Checking trading system status...
Fri Mar  6 14:39:38 GMT 2026: Position monitor OK
Fri Mar  6 14:39:38 GMT 2026: System check complete
Fri Mar  6 14:39:43 GMT 2026: Checking trading system status...
Fri Mar  6 14:39:43 GMT 2026: Position monitor OK
Fri Mar  6 14:39:43 GMT 2026: System check complete
Fri Mar  6 19:58:49 GMT 2026: Checking trading system status...
Fri Mar  6 19:58:49 GMT 2026: Position monitor OK
Fri Mar  6 19:58:49 GMT 2026: System check complete
Fri Mar  6 19:58:59 GMT 2026: Checking trading system status...
Fri Mar  6 19:58:59 GMT 2026: Position monitor OK
Fri Mar  6 19:58:59 GMT 2026: System check complete
Fri Mar  6 20:26:17 GMT 2026: Checking trading system status...
Fri Mar  6 20:26:17 GMT 2026: Position monitor OK
Fri Mar  6 20:26:17 GMT 2026: System check complete
Sat Mar  7 10:58:51 GMT 2026: Checking trading system status...
Sat Mar  7 10:58:51 GMT 2026: Position monitor OK
Sat Mar  7 10:58:51 GMT 2026: System check complete
Sat Mar  7 11:09:21 GMT 2026: Checking trading system status...
Sat Mar  7 11:09:21 GMT 2026: Position monitor OK
Sat Mar  7 11:09:21 GMT 2026: System check complete
Sat Mar  7 11:40:53 GMT 2026: Checking trading system status...
Sat Mar  7 11:40:53 GMT 2026: Position monitor OK
Sat Mar  7 11:40:53 GMT 2026: System check complete
Sat Mar  7 12:51:53 GMT 2026: Checking trading system status...
Sat Mar  7 12:51:53 GMT 2026: Position monitor OK
Sat Mar  7 12:51:53 GMT 2026: System check complete
Sat Mar  7 12:51:59 GMT 2026: Checking trading system status...
Sat Mar  7 12:51:59 GMT 2026: Position monitor OK
Sat Mar  7 12:51:59 GMT 2026: System check complete
Sat Mar  7 12:52:47 GMT 2026: Checking trading system status...
Sat Mar  7 12:52:47 GMT 2026: Position monitor OK
Sat Mar  7 12:52:47 GMT 2026: System check complete
Sat Mar  7 17:31:33 GMT 2026: Checking trading system status...
Sat Mar  7 17:31:33 GMT 2026: Position monitor not running. Restarting...
Sat Mar  7 17:31:33 GMT 2026: Position monitor restarted (PID: 13189)
Sat Mar  7 17:31:33 GMT 2026: System check complete
Sat Mar  7 18:21:47 GMT 2026: Checking trading system status...
Sat Mar  7 18:21:47 GMT 2026: Position monitor OK
Sat Mar  7 18:21:47 GMT 2026: System check complete
Sat Mar  7 18:41:40 GMT 2026: Checking trading system status...
Sat Mar  7 18:41:40 GMT 2026: Position monitor OK
Sat Mar  7 18:41:40 GMT 2026: System check complete
Sat Mar  7 18:41:45 GMT 2026: Checking trading system status...
Sat Mar  7 18:41:45 GMT 2026: Position monitor OK
Sat Mar  7 18:41:45 GMT 2026: System check complete
Sat Mar  7 18:51:41 GMT 2026: Checking trading system status...
Sat Mar  7 18:51:41 GMT 2026: Position monitor OK
Sat Mar  7 18:51:42 GMT 2026: System check complete
Sat Mar  7 18:51:48 GMT 2026: Checking trading system status...
Sat Mar  7 18:51:48 GMT 2026: Position monitor OK
Sat Mar  7 18:51:48 GMT 2026: System check complete
