2026-03-04 07:45:11 | === Cron Health Check Started ===
2026-03-04 07:45:12 | Checking: Emergency Monitor (5-min) (2f1f9cec-adbb-4a0f-b61a-23fcfa43eb65)
2026-03-04 07:45:12 |   Status: ok | Consecutive errors: 0
2026-03-04 07:45:13 | Checking: Trading System Health Check (b2d350f3-0200-475a-b75c-cafc6c5ff9cd)
2026-03-04 07:45:13 |   Status: ok | Consecutive errors: 0
2026-03-04 07:45:13 | Checking: Continuous Market Scanner (6cf8b621-7fff-407c-ad29-98aee1a1ecf9)
2026-03-04 07:45:13 |   Status: error | Consecutive errors: 1
2026-03-04 07:45:14 |   🔄 Auto-retrying job (attempt with backoff)...
2026-03-04 07:45:14 |   ✅ Retry initiated
2026-03-04 07:45:14 | Checking: KingKong-Trader Coordination (31fe6a1f-af62-43a2-bf3e-6bf0519007fb)
2026-03-04 07:45:14 |   Status: ok | Consecutive errors: 0
2026-03-04 07:45:15 | Checking: Squad Monitor - 15min Money Focus (b82a99b5-d0b2-4725-97c1-a127e639dede)
2026-03-04 07:45:15 |   Status: error | Consecutive errors: 4
2026-03-04 07:45:15 |   🔄 Auto-retrying job (attempt with backoff)...
2026-03-04 07:45:15 |   ✅ Retry initiated
2026-03-04 07:45:15 | Checking: Position Monitor Check (9185242d-0ee3-4a3c-bbaf-0393e7550aef)
2026-03-04 07:45:15 |   Status: ok | Consecutive errors: 0
2026-03-04 07:45:16 | Checking: Dip Buy Scanner (54c84a68-f801-4329-9f0c-842f4bf1657c)
2026-03-04 07:45:16 |   Status: error | Consecutive errors: 2
2026-03-04 07:45:17 |   🔄 Auto-retrying job (attempt with backoff)...
2026-03-04 07:45:17 |   ✅ Retry initiated
2026-03-04 07:45:17 | Checking: Sherlock Research (Morning) (3fd6d3f4-9c31-4348-8e35-5496b906e3af)
2026-03-04 07:45:17 |   Status: ok | Consecutive errors: 0
2026-03-04 07:45:17 | Checking: Sherlock Morning Sweep (6e091019-a76f-4006-b655-524b8df99a90)
2026-03-04 07:45:17 |   Status: unknown | Consecutive errors: 0
2026-03-04 07:45:18 | Checking: Hourly Database Backup (92661dfd-aa54-40c4-8a5e-c3d9d1fe4d15)
2026-03-04 07:45:18 |   Status: error | Consecutive errors: 1
2026-03-04 07:45:19 |   🔄 Auto-retrying job (attempt with backoff)...
2026-03-04 07:45:19 |   ✅ Retry initiated
2026-03-04 07:45:19 | Checking: Hourly Git Auto-Sync (78b8964c-52f0-4ad7-8edb-6534eab07d1e)
2026-03-04 07:45:19 |   Status: ok | Consecutive errors: 0
2026-03-04 07:45:19 | Checking: Portfolio Status Update (7477f113-b4b7-462c-8124-d70604c27d37)
2026-03-04 07:45:19 |   Status: ok | Consecutive errors: 0
2026-03-04 07:45:20 | Checking: Daily Skill & Security Briefing (308810d1-f6e0-4776-ab19-11e0c0ec1518)
2026-03-04 07:45:20 |   Status: ok | Consecutive errors: 0
2026-03-04 07:45:21 | Checking: Trader Market Scan (Morning) (5329c00d-ad8b-4a8f-a66e-7c465e8ac5a7)
2026-03-04 07:45:21 |   Status: ok | Consecutive errors: 0
2026-03-04 07:45:21 | Checking: Architect Engineering (Daily) (2c25d4cd-e8b5-4634-87fd-e7b328bcc64c)
2026-03-04 07:45:21 |   Status: ok | Consecutive errors: 0
2026-03-04 07:45:22 | Checking: Trader Market Scan (Midday) (dad8e6f9-ab04-4903-a494-c0ffaaa66bf8)
2026-03-04 07:45:22 |   Status: ok | Consecutive errors: 0
2026-03-04 07:45:23 | Checking: Sherlock Afternoon Update (082f0fdf-e9ab-4073-befb-94b3b119383c)
2026-03-04 07:45:23 |   Status: ok | Consecutive errors: 0
2026-03-04 07:45:23 | Checking: Sherlock Research (Afternoon) (cfdb2c59-0f29-470d-98ad-b8cb48b46133)
2026-03-04 07:45:23 |   Status: ok | Consecutive errors: 0
2026-03-04 07:45:24 | Checking: Trader Market Scan (Evening) (508eedd2-82b9-4267-8775-a6affdac003d)
2026-03-04 07:45:24 |   Status: ok | Consecutive errors: 0
2026-03-04 07:45:25 | Checking: Sherlock Research (Evening) (f78250ca-57a9-489a-b45f-29ee8fde43d0)
2026-03-04 07:45:25 |   Status: error | Consecutive errors: 1
2026-03-04 07:45:25 |   🔄 Auto-retrying job (attempt with backoff)...
2026-03-04 07:45:25 |   ✅ Retry initiated
2026-03-04 07:45:25 | Checking: Trader End of Day Review (dfb19c64-25de-4708-8b4d-25fe135bf2ab)
2026-03-04 07:45:25 |   Status: ok | Consecutive errors: 0
2026-03-04 07:45:26 | Checking: Daily Self-Improvement Review (59cee57b-ca5c-49c3-b92d-e633572a6a70)
2026-03-04 07:45:26 |   Status: ok | Consecutive errors: 0
2026-03-04 07:45:26 | Checking: Nightly Security Review (99e129c1-7e97-4382-a261-e1c6a2d53c8c)
2026-03-04 07:45:27 |   Status: error | Consecutive errors: 1
2026-03-04 07:45:27 |   🔄 Auto-retrying job (attempt with backoff)...
2026-03-04 07:45:27 |   ✅ Retry initiated
2026-03-04 07:45:27 | Checking: Daily Auto-Update (c5c577b7-d12a-4a7c-9ae9-7955a01b07f5)
2026-03-04 07:45:27 |   Status: ok | Consecutive errors: 0
2026-03-04 07:45:28 | Checking: Daily Security Monitor Scan (0e7434dd-4493-4412-bf8e-a7590cadfdbc)
2026-03-04 07:45:28 |   Status: ok | Consecutive errors: 0
2026-03-04 07:45:29 | Checking: Daily Brew Update & Upgrade (e9df09a5-2ac3-445d-a79b-2302a2d804ae)
2026-03-04 07:45:29 |   Status: ok | Consecutive errors: 0
2026-03-04 07:45:29 | Checking: Daily Briefing (7am) (b25924f1-5d8c-48c6-91fa-f703ac7a3801)
2026-03-04 07:45:29 |   Status: ok | Consecutive errors: 0
2026-03-04 07:45:30 | Checking: Weekly Trust Dashboard Report (1cbdd91c-f611-4b95-9ed0-eb72172db7b3)
2026-03-04 07:45:30 |   Status: ok | Consecutive errors: 0
2026-03-04 07:45:30 | === Summary ===
2026-03-04 07:45:30 | Jobs with errors: 6
2026-03-04 07:45:30 | Auto-fixed: 6
2026-03-04 07:45:30 | === Check Complete ===
2026-03-04 09:04:32 | === Cron Health Check Started ===
2026-03-04 09:04:33 | Checking: Hourly Git Auto-Sync (78b8964c-52f0-4ad7-8edb-6534eab07d1e)
2026-03-04 09:04:33 |   Status: ok | Consecutive errors: 0
2026-03-04 09:04:34 |   ⚠️ Job appears stuck (running too long)
2026-03-04 09:04:34 |   🔄 Killed stuck process, will retry
2026-03-04 09:04:34 | Checking: Cron Health Monitor (Self-Healing) (52bb69be-f6d0-4ef8-b871-a38ff78f074d)
2026-03-04 09:04:34 |   Status: unknown | Consecutive errors: 0
2026-03-04 09:04:35 | Checking: Emergency Monitor (5-min) (2f1f9cec-adbb-4a0f-b61a-23fcfa43eb65)
2026-03-04 09:04:35 |   Status: error | Consecutive errors: 1
2026-03-04 09:04:35 |   ⚠️ Job appears stuck (running too long)
2026-03-04 09:04:35 |   🔄 Killed stuck process, will retry
2026-03-04 09:04:35 |   🔄 Auto-retrying job (attempt with backoff)...
2026-03-04 09:04:35 |   ✅ Retry initiated
2026-03-04 09:04:35 | Checking: Trading System Health Check (b2d350f3-0200-475a-b75c-cafc6c5ff9cd)
2026-03-04 09:04:35 |   Status: error | Consecutive errors: 2
2026-03-04 09:04:36 |   🔄 Auto-retrying job (attempt with backoff)...
2026-03-04 09:04:36 |   ✅ Retry initiated
2026-03-04 09:04:36 | Checking: Squad Monitor - 15min Money Focus (b82a99b5-d0b2-4725-97c1-a127e639dede)
2026-03-04 09:04:36 |   Status: ok | Consecutive errors: 0
2026-03-04 09:04:37 |   ⚠️ Job appears stuck (running too long)
2026-03-04 09:04:37 |   🔄 Killed stuck process, will retry
2026-03-04 09:04:37 | Checking: Portfolio Status Update (7477f113-b4b7-462c-8124-d70604c27d37)
2026-03-04 09:04:37 |   Status: ok | Consecutive errors: 0
2026-03-04 09:04:37 |   ⚠️ Job appears stuck (running too long)
2026-03-04 09:04:37 |   🔄 Killed stuck process, will retry
2026-03-04 09:04:37 | Checking: Daily Skill & Security Briefing (308810d1-f6e0-4776-ab19-11e0c0ec1518)
2026-03-04 09:04:37 |   Status: ok | Consecutive errors: 0
2026-03-04 09:04:38 | Checking: Hourly Database Backup (92661dfd-aa54-40c4-8a5e-c3d9d1fe4d15)
2026-03-04 09:04:38 |   Status: error | Consecutive errors: 1
2026-03-04 09:04:39 |   🔄 Auto-retrying job (attempt with backoff)...
2026-03-04 09:04:39 |   ✅ Retry initiated
2026-03-04 09:04:39 | Checking: Architect Engineering (Daily) (2c25d4cd-e8b5-4634-87fd-e7b328bcc64c)
2026-03-04 09:04:39 |   Status: ok | Consecutive errors: 0
2026-03-04 09:04:39 | Checking: Sherlock Afternoon Update (082f0fdf-e9ab-4073-befb-94b3b119383c)
2026-03-04 09:04:39 |   Status: ok | Consecutive errors: 0
2026-03-04 09:04:40 | Checking: Sherlock Research (Afternoon) (cfdb2c59-0f29-470d-98ad-b8cb48b46133)
2026-03-04 09:04:40 |   Status: ok | Consecutive errors: 0
2026-03-04 09:04:41 | Checking: Sherlock Research (Evening) (f78250ca-57a9-489a-b45f-29ee8fde43d0)
2026-03-04 09:04:41 |   Status: error | Consecutive errors: 1
2026-03-04 09:04:41 |   🔄 Auto-retrying job (attempt with backoff)...
2026-03-04 09:04:41 |   ✅ Retry initiated
2026-03-04 09:04:41 | Checking: Daily Self-Improvement Review (59cee57b-ca5c-49c3-b92d-e633572a6a70)
2026-03-04 09:04:41 |   Status: ok | Consecutive errors: 0
2026-03-04 09:04:42 | Checking: Nightly Security Review (99e129c1-7e97-4382-a261-e1c6a2d53c8c)
2026-03-04 09:04:42 |   Status: error | Consecutive errors: 1
2026-03-04 09:04:43 |   🔄 Auto-retrying job (attempt with backoff)...
2026-03-04 09:04:43 |   ✅ Retry initiated
2026-03-04 09:04:43 | Checking: Daily Auto-Update (c5c577b7-d12a-4a7c-9ae9-7955a01b07f5)
2026-03-04 09:04:43 |   Status: ok | Consecutive errors: 0
2026-03-04 09:04:43 | Checking: Daily Security Monitor Scan (0e7434dd-4493-4412-bf8e-a7590cadfdbc)
2026-03-04 09:04:43 |   Status: ok | Consecutive errors: 0
2026-03-04 09:04:44 | Checking: Daily Brew Update & Upgrade (e9df09a5-2ac3-445d-a79b-2302a2d804ae)
2026-03-04 09:04:44 |   Status: ok | Consecutive errors: 0
2026-03-04 09:04:45 | Checking: Daily Briefing (7am) (b25924f1-5d8c-48c6-91fa-f703ac7a3801)
2026-03-04 09:04:45 |   Status: ok | Consecutive errors: 0
2026-03-04 09:04:45 | Checking: Sherlock Research (Morning) (3fd6d3f4-9c31-4348-8e35-5496b906e3af)
2026-03-04 09:04:45 |   Status: error | Consecutive errors: 1
2026-03-04 09:04:46 |   🔄 Auto-retrying job (attempt with backoff)...
2026-03-04 09:04:46 |   ✅ Retry initiated
2026-03-04 09:04:46 | Checking: Sherlock Morning Sweep (6e091019-a76f-4006-b655-524b8df99a90)
2026-03-04 09:04:46 |   Status: unknown | Consecutive errors: 0
2026-03-04 09:04:47 | Checking: Weekly Trust Dashboard Report (1cbdd91c-f611-4b95-9ed0-eb72172db7b3)
2026-03-04 09:04:47 |   Status: ok | Consecutive errors: 0
2026-03-04 09:04:47 | === Summary ===
2026-03-04 09:04:47 | Jobs with errors: 6
2026-03-04 09:04:47 | Auto-fixed: 10
2026-03-04 09:04:47 | === Check Complete ===
2026-03-04 09:55:59 | === Cron Health Check Started ===
2026-03-04 09:56:00 | Checking: Emergency Monitor (5-min) (2f1f9cec-adbb-4a0f-b61a-23fcfa43eb65)
2026-03-04 09:56:00 |   Status: error | Consecutive errors: 2
2026-03-04 09:56:01 |   🔄 Auto-retrying job (attempt with backoff)...
2026-03-04 09:56:01 |   ✅ Retry initiated
2026-03-04 09:56:01 | Checking: Squad Monitor - 15min Money Focus (b82a99b5-d0b2-4725-97c1-a127e639dede)
2026-03-04 09:56:01 |   Status: ok | Consecutive errors: 0
2026-03-04 09:56:02 | Checking: Daily Skill & Security Briefing (308810d1-f6e0-4776-ab19-11e0c0ec1518)
2026-03-04 09:56:02 |   Status: ok | Consecutive errors: 0
2026-03-04 09:56:03 | Checking: Hourly Database Backup (92661dfd-aa54-40c4-8a5e-c3d9d1fe4d15)
2026-03-04 09:56:03 |   Status: error | Consecutive errors: 1
2026-03-04 09:56:03 |   🔄 Auto-retrying job (attempt with backoff)...
2026-03-04 09:56:03 |   ✅ Retry initiated
2026-03-04 09:56:03 | Checking: Hourly Git Auto-Sync (78b8964c-52f0-4ad7-8edb-6534eab07d1e)
2026-03-04 09:56:03 |   Status: ok | Consecutive errors: 0
2026-03-04 09:56:04 | Checking: Trading System Health Check (b2d350f3-0200-475a-b75c-cafc6c5ff9cd)
2026-03-04 09:56:04 |   Status: error | Consecutive errors: 3
2026-03-04 09:56:05 |   🔄 Auto-retrying job (attempt with backoff)...
2026-03-04 09:56:05 |   ✅ Retry initiated
2026-03-04 09:56:05 | Checking: Cron Health Monitor (Self-Healing) (52bb69be-f6d0-4ef8-b871-a38ff78f074d)
2026-03-04 09:56:05 |   Status: error | Consecutive errors: 1
2026-03-04 09:56:05 |   🔄 Auto-retrying job (attempt with backoff)...
2026-03-04 09:56:05 |   ✅ Retry initiated
2026-03-04 09:56:05 | Checking: Architect Engineering (Daily) (2c25d4cd-e8b5-4634-87fd-e7b328bcc64c)
2026-03-04 09:56:05 |   Status: ok | Consecutive errors: 0
2026-03-04 09:56:05 | Checking: Portfolio Status Update (7477f113-b4b7-462c-8124-d70604c27d37)
2026-03-04 09:56:05 |   Status: error | Consecutive errors: 1
2026-03-04 09:56:05 |   🔄 Auto-retrying job (attempt with backoff)...
2026-03-04 09:56:05 |   ✅ Retry initiated
2026-03-04 09:56:05 | Checking: Sherlock Afternoon Update (082f0fdf-e9ab-4073-befb-94b3b119383c)
2026-03-04 09:56:05 |   Status: ok | Consecutive errors: 0
2026-03-04 09:56:05 | Checking: Sherlock Research (Afternoon) (cfdb2c59-0f29-470d-98ad-b8cb48b46133)
2026-03-04 09:56:05 |   Status: ok | Consecutive errors: 0
2026-03-04 09:56:05 | Checking: Sherlock Research (Evening) (f78250ca-57a9-489a-b45f-29ee8fde43d0)
2026-03-04 09:56:05 |   Status: error | Consecutive errors: 1
2026-03-04 09:56:05 |   🔄 Auto-retrying job (attempt with backoff)...
2026-03-04 09:56:05 |   ✅ Retry initiated
2026-03-04 09:56:05 | Checking: Daily Self-Improvement Review (59cee57b-ca5c-49c3-b92d-e633572a6a70)
2026-03-04 09:56:05 |   Status: ok | Consecutive errors: 0
2026-03-04 09:56:05 | Checking: Nightly Security Review (99e129c1-7e97-4382-a261-e1c6a2d53c8c)
2026-03-04 09:56:05 |   Status: error | Consecutive errors: 1
2026-03-04 09:56:05 |   🔄 Auto-retrying job (attempt with backoff)...
2026-03-04 09:56:05 |   ✅ Retry initiated
2026-03-04 09:56:05 | Checking: Daily Auto-Update (c5c577b7-d12a-4a7c-9ae9-7955a01b07f5)
2026-03-04 09:56:05 |   Status: ok | Consecutive errors: 0
2026-03-04 09:56:05 | Checking: Daily Security Monitor Scan (0e7434dd-4493-4412-bf8e-a7590cadfdbc)
2026-03-04 09:56:05 |   Status: ok | Consecutive errors: 0
2026-03-04 09:56:05 | Checking: Daily Brew Update & Upgrade (e9df09a5-2ac3-445d-a79b-2302a2d804ae)
2026-03-04 09:56:05 |   Status: ok | Consecutive errors: 0
2026-03-04 09:56:05 | Checking: Daily Briefing (7am) (b25924f1-5d8c-48c6-91fa-f703ac7a3801)
2026-03-04 09:56:05 |   Status: ok | Consecutive errors: 0
2026-03-04 09:56:05 | Checking: Sherlock Research (Morning) (3fd6d3f4-9c31-4348-8e35-5496b906e3af)
2026-03-04 09:56:05 |   Status: error | Consecutive errors: 1
2026-03-04 09:56:05 |   🔄 Auto-retrying job (attempt with backoff)...
2026-03-04 09:56:05 |   ✅ Retry initiated
2026-03-04 09:56:05 | Checking: Sherlock Morning Sweep (6e091019-a76f-4006-b655-524b8df99a90)
2026-03-04 09:56:05 |   Status: unknown | Consecutive errors: 0
2026-03-04 09:56:05 | Checking: Weekly Trust Dashboard Report (1cbdd91c-f611-4b95-9ed0-eb72172db7b3)
2026-03-04 09:56:05 |   Status: ok | Consecutive errors: 0
2026-03-04 09:56:05 | === Summary ===
2026-03-04 09:56:05 | Jobs with errors: 8
2026-03-04 09:56:05 | Auto-fixed: 8
2026-03-04 09:56:05 | === Check Complete ===
2026-03-04 10:11:54 | === Cron Health Check Started ===
2026-03-04 10:11:55 | Checking: Cron Health Monitor (Self-Healing) (52bb69be-f6d0-4ef8-b871-a38ff78f074d)
2026-03-04 10:11:55 |   Status: ok | Consecutive errors: 0
2026-03-04 10:11:56 | Checking: Hourly Git Auto-Sync (78b8964c-52f0-4ad7-8edb-6534eab07d1e)
2026-03-04 10:11:56 |   Status: ok | Consecutive errors: 0
2026-03-04 10:11:56 | Checking: GBP Auto-Converter (cffe3a97-1931-4efd-b76c-950e03d1eff2)
2026-03-04 10:11:56 |   Status: unknown | Consecutive errors: 0
2026-03-04 10:11:57 | Checking: Trading System Health Check (b2d350f3-0200-475a-b75c-cafc6c5ff9cd)
2026-03-04 10:11:57 |   Status: ok | Consecutive errors: 0
2026-03-04 10:11:57 | Checking: Squad Monitor - 15min Money Focus (b82a99b5-d0b2-4725-97c1-a127e639dede)
2026-03-04 10:11:57 |   Status: ok | Consecutive errors: 0
2026-03-04 10:11:58 | Checking: Emergency Monitor (5-min) (2f1f9cec-adbb-4a0f-b61a-23fcfa43eb65)
2026-03-04 10:11:58 |   Status: error | Consecutive errors: 3
2026-03-04 10:11:59 |   ⏳ In backoff period, skipping retry
2026-03-04 10:11:59 | Checking: Hourly Database Backup (92661dfd-aa54-40c4-8a5e-c3d9d1fe4d15)
2026-03-04 10:11:59 |   Status: error | Consecutive errors: 1
2026-03-04 10:11:59 |   🔄 Auto-retrying job (attempt with backoff)...
2026-03-04 10:11:59 |   ✅ Retry initiated
2026-03-04 10:11:59 | Checking: Portfolio Status Update (7477f113-b4b7-462c-8124-d70604c27d37)
2026-03-04 10:11:59 |   Status: error | Consecutive errors: 1
2026-03-04 10:12:00 |   🔄 Auto-retrying job (attempt with backoff)...
2026-03-04 10:12:00 |   ✅ Retry initiated
2026-03-04 10:12:00 | Checking: Trader Market Scan (Midday) (dad8e6f9-ab04-4903-a494-c0ffaaa66bf8)
2026-03-04 10:12:00 |   Status: ok | Consecutive errors: 0
2026-03-04 10:12:01 | Checking: Sherlock Afternoon Update (082f0fdf-e9ab-4073-befb-94b3b119383c)
2026-03-04 10:12:01 |   Status: ok | Consecutive errors: 0
2026-03-04 10:12:01 | Checking: Sherlock Research (Afternoon) (cfdb2c59-0f29-470d-98ad-b8cb48b46133)
2026-03-04 10:12:01 |   Status: ok | Consecutive errors: 0
2026-03-04 10:12:02 | Checking: Trader Market Scan (Evening) (508eedd2-82b9-4267-8775-a6affdac003d)
2026-03-04 10:12:02 |   Status: ok | Consecutive errors: 0
2026-03-04 10:12:03 | Checking: Sherlock Research (Evening) (f78250ca-57a9-489a-b45f-29ee8fde43d0)
2026-03-04 10:12:03 |   Status: error | Consecutive errors: 1
2026-03-04 10:12:03 |   🔄 Auto-retrying job (attempt with backoff)...
2026-03-04 10:12:03 |   ✅ Retry initiated
2026-03-04 10:12:03 | Checking: Daily Self-Improvement Review (59cee57b-ca5c-49c3-b92d-e633572a6a70)
2026-03-04 10:12:03 |   Status: ok | Consecutive errors: 0
2026-03-04 10:12:04 | Checking: Nightly Security Review (99e129c1-7e97-4382-a261-e1c6a2d53c8c)
2026-03-04 10:12:04 |   Status: error | Consecutive errors: 1
2026-03-04 10:12:05 |   🔄 Auto-retrying job (attempt with backoff)...
2026-03-04 10:12:05 |   ✅ Retry initiated
2026-03-04 10:12:05 | Checking: Daily Auto-Update (c5c577b7-d12a-4a7c-9ae9-7955a01b07f5)
2026-03-04 10:12:05 |   Status: ok | Consecutive errors: 0
2026-03-04 10:12:05 | Checking: Daily Security Monitor Scan (0e7434dd-4493-4412-bf8e-a7590cadfdbc)
2026-03-04 10:12:05 |   Status: ok | Consecutive errors: 0
2026-03-04 10:12:06 | Checking: Daily Brew Update & Upgrade (e9df09a5-2ac3-445d-a79b-2302a2d804ae)
2026-03-04 10:12:06 |   Status: ok | Consecutive errors: 0
2026-03-04 10:12:07 | Checking: Daily Briefing (7am) (b25924f1-5d8c-48c6-91fa-f703ac7a3801)
2026-03-04 10:12:07 |   Status: ok | Consecutive errors: 0
2026-03-04 10:12:07 | Checking: Sherlock Research (Morning) (3fd6d3f4-9c31-4348-8e35-5496b906e3af)
2026-03-04 10:12:07 |   Status: error | Consecutive errors: 1
2026-03-04 10:12:08 |   🔄 Auto-retrying job (attempt with backoff)...
2026-03-04 10:12:08 |   ✅ Retry initiated
2026-03-04 10:12:08 | Checking: Sherlock Morning Sweep (6e091019-a76f-4006-b655-524b8df99a90)
2026-03-04 10:12:08 |   Status: unknown | Consecutive errors: 0
2026-03-04 10:12:09 | Checking: Daily Skill & Security Briefing (308810d1-f6e0-4776-ab19-11e0c0ec1518)
2026-03-04 10:12:09 |   Status: ok | Consecutive errors: 0
2026-03-04 10:12:09 | Checking: Trader Market Scan (Morning) (5329c00d-ad8b-4a8f-a66e-7c465e8ac5a7)
2026-03-04 10:12:09 |   Status: ok | Consecutive errors: 0
2026-03-04 10:12:10 | Checking: Architect Engineering (Daily) (2c25d4cd-e8b5-4634-87fd-e7b328bcc64c)
2026-03-04 10:12:10 |   Status: error | Consecutive errors: 1
2026-03-04 10:12:11 |   🔄 Auto-retrying job (attempt with backoff)...
2026-03-04 10:12:11 |   ✅ Retry initiated
2026-03-04 10:12:11 | Checking: Weekly Trust Dashboard Report (1cbdd91c-f611-4b95-9ed0-eb72172db7b3)
2026-03-04 10:12:11 |   Status: ok | Consecutive errors: 0
2026-03-04 10:12:11 | === Summary ===
2026-03-04 10:12:11 | Jobs with errors: 7
2026-03-04 10:12:11 | Auto-fixed: 6
2026-03-04 10:12:11 | 🚨 ALERT: Cron jobs need attention:\n- Emergency Monitor (5-min) (3 errors)
2026-03-04 10:12:11 | === Check Complete ===
2026-03-04 10:18:59 | === Cron Health Check Started ===
2026-03-04 10:19:00 | Checking: Cron Health Monitor (Self-Healing) (52bb69be-f6d0-4ef8-b871-a38ff78f074d)
2026-03-04 10:19:00 |   Status: error | Consecutive errors: 1
2026-03-04 10:19:01 |   🔄 Auto-retrying job (attempt with backoff)...
2026-03-04 10:19:01 |   ✅ Retry initiated
2026-03-04 10:19:01 | Checking: GBP Auto-Converter (cffe3a97-1931-4efd-b76c-950e03d1eff2)
2026-03-04 10:19:01 |   Status: ok | Consecutive errors: 0
2026-03-04 10:19:02 | Checking: Emergency Monitor (5-min) (2f1f9cec-adbb-4a0f-b61a-23fcfa43eb65)
2026-03-04 10:19:02 |   Status: ok | Consecutive errors: 0
2026-03-04 10:19:02 | Checking: Trading System Health Check (b2d350f3-0200-475a-b75c-cafc6c5ff9cd)
2026-03-04 10:19:02 |   Status: ok | Consecutive errors: 0
2026-03-04 10:19:03 | Checking: Squad Monitor - 15min Money Focus (b82a99b5-d0b2-4725-97c1-a127e639dede)
2026-03-04 10:19:03 |   Status: error | Consecutive errors: 1
2026-03-04 10:19:04 |   🔄 Auto-retrying job (attempt with backoff)...
2026-03-04 10:19:04 |   ✅ Retry initiated
2026-03-04 10:19:04 | Checking: Hourly Database Backup (92661dfd-aa54-40c4-8a5e-c3d9d1fe4d15)
2026-03-04 10:19:04 |   Status: error | Consecutive errors: 1
2026-03-04 10:19:04 |   🔄 Auto-retrying job (attempt with backoff)...
2026-03-04 10:19:04 |   ✅ Retry initiated
2026-03-04 10:19:04 | Checking: Hourly Git Auto-Sync (78b8964c-52f0-4ad7-8edb-6534eab07d1e)
2026-03-04 10:19:04 |   Status: ok | Consecutive errors: 0
2026-03-04 10:19:05 | Checking: Portfolio Status Update (7477f113-b4b7-462c-8124-d70604c27d37)
2026-03-04 10:19:05 |   Status: error | Consecutive errors: 1
2026-03-04 10:19:06 |   🔄 Auto-retrying job (attempt with backoff)...
2026-03-04 10:19:06 |   ✅ Retry initiated
2026-03-04 10:19:06 | Checking: Trader Market Scan (Midday) (dad8e6f9-ab04-4903-a494-c0ffaaa66bf8)
2026-03-04 10:19:06 |   Status: ok | Consecutive errors: 0
2026-03-04 10:19:07 | Checking: Sherlock Afternoon Update (082f0fdf-e9ab-4073-befb-94b3b119383c)
2026-03-04 10:19:07 |   Status: ok | Consecutive errors: 0
2026-03-04 10:19:07 | Checking: Sherlock Research (Afternoon) (cfdb2c59-0f29-470d-98ad-b8cb48b46133)
2026-03-04 10:19:07 |   Status: ok | Consecutive errors: 0
2026-03-04 10:19:08 | Checking: Trader Market Scan (Evening) (508eedd2-82b9-4267-8775-a6affdac003d)
2026-03-04 10:19:08 |   Status: ok | Consecutive errors: 0
2026-03-04 10:19:09 | Checking: Sherlock Research (Evening) (f78250ca-57a9-489a-b45f-29ee8fde43d0)
2026-03-04 10:19:09 |   Status: error | Consecutive errors: 1
2026-03-04 10:19:09 |   🔄 Auto-retrying job (attempt with backoff)...
2026-03-04 10:19:09 |   ✅ Retry initiated
2026-03-04 10:19:09 | Checking: Daily Self-Improvement Review (59cee57b-ca5c-49c3-b92d-e633572a6a70)
2026-03-04 10:19:09 |   Status: ok | Consecutive errors: 0
2026-03-04 10:19:10 | Checking: Nightly Security Review (99e129c1-7e97-4382-a261-e1c6a2d53c8c)
2026-03-04 10:19:10 |   Status: error | Consecutive errors: 1
2026-03-04 10:19:11 |   🔄 Auto-retrying job (attempt with backoff)...
2026-03-04 10:19:11 |   ✅ Retry initiated
2026-03-04 10:19:11 | Checking: Daily Auto-Update (c5c577b7-d12a-4a7c-9ae9-7955a01b07f5)
2026-03-04 10:19:11 |   Status: ok | Consecutive errors: 0
2026-03-04 10:19:11 | Checking: Daily Security Monitor Scan (0e7434dd-4493-4412-bf8e-a7590cadfdbc)
2026-03-04 10:19:11 |   Status: ok | Consecutive errors: 0
2026-03-04 10:19:12 | Checking: Daily Brew Update & Upgrade (e9df09a5-2ac3-445d-a79b-2302a2d804ae)
2026-03-04 10:19:12 |   Status: ok | Consecutive errors: 0
2026-03-04 10:19:13 | Checking: Daily Briefing (7am) (b25924f1-5d8c-48c6-91fa-f703ac7a3801)
2026-03-04 10:19:13 |   Status: ok | Consecutive errors: 0
2026-03-04 10:19:13 | Checking: Sherlock Research (Morning) (3fd6d3f4-9c31-4348-8e35-5496b906e3af)
2026-03-04 10:19:13 |   Status: error | Consecutive errors: 1
2026-03-04 10:19:14 |   🔄 Auto-retrying job (attempt with backoff)...
2026-03-04 10:19:14 |   ✅ Retry initiated
2026-03-04 10:19:14 | Checking: Sherlock Morning Sweep (6e091019-a76f-4006-b655-524b8df99a90)
2026-03-04 10:19:14 |   Status: unknown | Consecutive errors: 0
2026-03-04 10:19:14 | Checking: Daily Skill & Security Briefing (308810d1-f6e0-4776-ab19-11e0c0ec1518)
2026-03-04 10:19:14 |   Status: ok | Consecutive errors: 0
2026-03-04 10:19:15 | Checking: Trader Market Scan (Morning) (5329c00d-ad8b-4a8f-a66e-7c465e8ac5a7)
2026-03-04 10:19:15 |   Status: ok | Consecutive errors: 0
2026-03-04 10:19:16 | Checking: Architect Engineering (Daily) (2c25d4cd-e8b5-4634-87fd-e7b328bcc64c)
2026-03-04 10:19:16 |   Status: error | Consecutive errors: 1
2026-03-04 10:19:16 |   🔄 Auto-retrying job (attempt with backoff)...
2026-03-04 10:19:16 |   ✅ Retry initiated
2026-03-04 10:19:16 | Checking: Weekly Trust Dashboard Report (1cbdd91c-f611-4b95-9ed0-eb72172db7b3)
2026-03-04 10:19:16 |   Status: ok | Consecutive errors: 0
2026-03-04 10:19:17 | === Summary ===
2026-03-04 10:19:17 | Jobs with errors: 8
2026-03-04 10:19:17 | Auto-fixed: 8
2026-03-04 10:19:17 | === Check Complete ===
2026-03-04 10:24:03 | === Cron Health Check Started ===
2026-03-04 10:24:03 | Checking: Cron Health Monitor (Self-Healing) (52bb69be-f6d0-4ef8-b871-a38ff78f074d)
2026-03-04 10:24:03 |   Status: ok | Consecutive errors: 0
2026-03-04 10:24:04 | Checking: Squad Monitor - 15min Money Focus (b82a99b5-d0b2-4725-97c1-a127e639dede)
2026-03-04 10:24:04 |   Status: error | Consecutive errors: 1
2026-03-04 10:24:05 |   🔄 Auto-retrying job (attempt with backoff)...
2026-03-04 10:24:05 |   ✅ Retry initiated
2026-03-04 10:24:05 | Checking: Emergency Monitor (5-min) (2f1f9cec-adbb-4a0f-b61a-23fcfa43eb65)
2026-03-04 10:24:05 |   Status: ok | Consecutive errors: 0
2026-03-04 10:24:05 | Checking: GBP Auto-Converter (cffe3a97-1931-4efd-b76c-950e03d1eff2)
2026-03-04 10:24:05 |   Status: ok | Consecutive errors: 0
2026-03-04 10:24:06 | Checking: Trading System Health Check (b2d350f3-0200-475a-b75c-cafc6c5ff9cd)
2026-03-04 10:24:06 |   Status: ok | Consecutive errors: 0
2026-03-04 10:24:07 | Checking: Hourly Database Backup (92661dfd-aa54-40c4-8a5e-c3d9d1fe4d15)
2026-03-04 10:24:07 |   Status: error | Consecutive errors: 1
2026-03-04 10:24:07 |   🔄 Auto-retrying job (attempt with backoff)...
2026-03-04 10:24:07 |   ✅ Retry initiated
2026-03-04 10:24:07 | Checking: Hourly Git Auto-Sync (78b8964c-52f0-4ad7-8edb-6534eab07d1e)
2026-03-04 10:24:07 |   Status: ok | Consecutive errors: 0
2026-03-04 10:24:08 | Checking: Portfolio Status Update (7477f113-b4b7-462c-8124-d70604c27d37)
2026-03-04 10:24:08 |   Status: error | Consecutive errors: 1
2026-03-04 10:24:09 |   🔄 Auto-retrying job (attempt with backoff)...
2026-03-04 10:24:09 |   ✅ Retry initiated
2026-03-04 10:24:09 | Checking: Trader Market Scan (Midday) (dad8e6f9-ab04-4903-a494-c0ffaaa66bf8)
2026-03-04 10:24:09 |   Status: ok | Consecutive errors: 0
2026-03-04 10:24:09 | Checking: Sherlock Afternoon Update (082f0fdf-e9ab-4073-befb-94b3b119383c)
2026-03-04 10:24:09 |   Status: ok | Consecutive errors: 0
2026-03-04 10:24:10 | Checking: Sherlock Research (Afternoon) (cfdb2c59-0f29-470d-98ad-b8cb48b46133)
2026-03-04 10:24:10 |   Status: ok | Consecutive errors: 0
2026-03-04 10:24:11 | Checking: Trader Market Scan (Evening) (508eedd2-82b9-4267-8775-a6affdac003d)
2026-03-04 10:24:11 |   Status: ok | Consecutive errors: 0
2026-03-04 10:24:11 | Checking: Sherlock Research (Evening) (f78250ca-57a9-489a-b45f-29ee8fde43d0)
2026-03-04 10:24:11 |   Status: error | Consecutive errors: 1
2026-03-04 10:24:12 |   🔄 Auto-retrying job (attempt with backoff)...
2026-03-04 10:24:12 |   ✅ Retry initiated
2026-03-04 10:24:12 | Checking: Daily Self-Improvement Review (59cee57b-ca5c-49c3-b92d-e633572a6a70)
2026-03-04 10:24:12 |   Status: ok | Consecutive errors: 0
2026-03-04 10:24:13 | Checking: Nightly Security Review (99e129c1-7e97-4382-a261-e1c6a2d53c8c)
2026-03-04 10:24:13 |   Status: error | Consecutive errors: 1
2026-03-04 10:24:13 |   🔄 Auto-retrying job (attempt with backoff)...
2026-03-04 10:24:13 |   ✅ Retry initiated
2026-03-04 10:24:13 | Checking: Daily Auto-Update (c5c577b7-d12a-4a7c-9ae9-7955a01b07f5)
2026-03-04 10:24:13 |   Status: ok | Consecutive errors: 0
2026-03-04 10:24:14 | Checking: Daily Security Monitor Scan (0e7434dd-4493-4412-bf8e-a7590cadfdbc)
2026-03-04 10:24:14 |   Status: ok | Consecutive errors: 0
2026-03-04 10:24:15 | Checking: Daily Brew Update & Upgrade (e9df09a5-2ac3-445d-a79b-2302a2d804ae)
2026-03-04 10:24:15 |   Status: ok | Consecutive errors: 0
2026-03-04 10:24:15 | Checking: Daily Briefing (7am) (b25924f1-5d8c-48c6-91fa-f703ac7a3801)
2026-03-04 10:24:15 |   Status: ok | Consecutive errors: 0
2026-03-04 10:24:16 | Checking: Sherlock Research (Morning) (3fd6d3f4-9c31-4348-8e35-5496b906e3af)
2026-03-04 10:24:16 |   Status: error | Consecutive errors: 1
2026-03-04 10:24:17 |   🔄 Auto-retrying job (attempt with backoff)...
2026-03-04 10:24:17 |   ✅ Retry initiated
2026-03-04 10:24:17 | Checking: Sherlock Morning Sweep (6e091019-a76f-4006-b655-524b8df99a90)
2026-03-04 10:24:17 |   Status: unknown | Consecutive errors: 0
2026-03-04 10:24:17 | Checking: Daily Skill & Security Briefing (308810d1-f6e0-4776-ab19-11e0c0ec1518)
2026-03-04 10:24:17 |   Status: ok | Consecutive errors: 0
2026-03-04 10:24:18 | Checking: Trader Market Scan (Morning) (5329c00d-ad8b-4a8f-a66e-7c465e8ac5a7)
2026-03-04 10:24:18 |   Status: ok | Consecutive errors: 0
2026-03-04 10:24:19 | Checking: Architect Engineering (Daily) (2c25d4cd-e8b5-4634-87fd-e7b328bcc64c)
2026-03-04 10:24:19 |   Status: error | Consecutive errors: 1
2026-03-04 10:24:19 |   🔄 Auto-retrying job (attempt with backoff)...
2026-03-04 10:24:19 |   ✅ Retry initiated
2026-03-04 10:24:19 | Checking: Weekly Trust Dashboard Report (1cbdd91c-f611-4b95-9ed0-eb72172db7b3)
2026-03-04 10:24:19 |   Status: ok | Consecutive errors: 0
2026-03-04 10:24:20 | === Summary ===
2026-03-04 10:24:20 | Jobs with errors: 7
2026-03-04 10:24:20 | Auto-fixed: 7
2026-03-04 10:24:20 | === Check Complete ===
2026-03-04 10:34:58 | === Cron Health Check Started ===
2026-03-04 10:34:58 | Checking: Emergency Monitor (5-min) (2f1f9cec-adbb-4a0f-b61a-23fcfa43eb65)
2026-03-04 10:34:58 |   Status: ok | Consecutive errors: 0
2026-03-04 10:34:59 | Checking: Cron Health Monitor (Self-Healing) (52bb69be-f6d0-4ef8-b871-a38ff78f074d)
2026-03-04 10:34:59 |   Status: error | Consecutive errors: 1
2026-03-04 10:35:00 |   🔄 Auto-retrying job (attempt with backoff)...
2026-03-04 10:35:00 |   ✅ Retry initiated
2026-03-04 10:35:00 | Checking: Trading System Health Check (b2d350f3-0200-475a-b75c-cafc6c5ff9cd)
2026-03-04 10:35:00 |   Status: ok | Consecutive errors: 0
2026-03-04 10:35:00 | Checking: GBP Auto-Converter (cffe3a97-1931-4efd-b76c-950e03d1eff2)
2026-03-04 10:35:00 |   Status: ok | Consecutive errors: 0
2026-03-04 10:35:01 | Checking: Squad Monitor - 15min Money Focus (b82a99b5-d0b2-4725-97c1-a127e639dede)
2026-03-04 10:35:01 |   Status: ok | Consecutive errors: 0
2026-03-04 10:35:02 | Checking: Hourly Database Backup (92661dfd-aa54-40c4-8a5e-c3d9d1fe4d15)
2026-03-04 10:35:02 |   Status: error | Consecutive errors: 1
2026-03-04 10:35:02 |   🔄 Auto-retrying job (attempt with backoff)...
2026-03-04 10:35:02 |   ✅ Retry initiated
2026-03-04 10:35:02 | Checking: Hourly Git Auto-Sync (78b8964c-52f0-4ad7-8edb-6534eab07d1e)
2026-03-04 10:35:02 |   Status: ok | Consecutive errors: 0
2026-03-04 10:35:03 | Checking: Portfolio Status Update (7477f113-b4b7-462c-8124-d70604c27d37)
2026-03-04 10:35:03 |   Status: error | Consecutive errors: 1
2026-03-04 10:35:04 |   🔄 Auto-retrying job (attempt with backoff)...
2026-03-04 10:35:04 |   ✅ Retry initiated
2026-03-04 10:35:04 | Checking: Trader Market Scan (Midday) (dad8e6f9-ab04-4903-a494-c0ffaaa66bf8)
2026-03-04 10:35:04 |   Status: ok | Consecutive errors: 0
2026-03-04 10:35:04 | Checking: Sherlock Afternoon Update (082f0fdf-e9ab-4073-befb-94b3b119383c)
2026-03-04 10:35:04 |   Status: ok | Consecutive errors: 0
2026-03-04 10:35:05 | Checking: Sherlock Research (Afternoon) (cfdb2c59-0f29-470d-98ad-b8cb48b46133)
2026-03-04 10:35:05 |   Status: ok | Consecutive errors: 0
2026-03-04 10:35:06 | Checking: Trader Market Scan (Evening) (508eedd2-82b9-4267-8775-a6affdac003d)
2026-03-04 10:35:06 |   Status: ok | Consecutive errors: 0
2026-03-04 10:35:06 | Checking: Sherlock Research (Evening) (f78250ca-57a9-489a-b45f-29ee8fde43d0)
2026-03-04 10:35:06 |   Status: error | Consecutive errors: 1
2026-03-04 10:35:07 |   🔄 Auto-retrying job (attempt with backoff)...
2026-03-04 10:35:07 |   ✅ Retry initiated
2026-03-04 10:35:07 | Checking: Daily Self-Improvement Review (59cee57b-ca5c-49c3-b92d-e633572a6a70)
2026-03-04 10:35:07 |   Status: ok | Consecutive errors: 0
2026-03-04 10:35:08 | Checking: Nightly Security Review (99e129c1-7e97-4382-a261-e1c6a2d53c8c)
2026-03-04 10:35:08 |   Status: error | Consecutive errors: 1
2026-03-04 10:35:08 |   🔄 Auto-retrying job (attempt with backoff)...
2026-03-04 10:35:08 |   ✅ Retry initiated
2026-03-04 10:35:08 | Checking: Daily Auto-Update (c5c577b7-d12a-4a7c-9ae9-7955a01b07f5)
2026-03-04 10:35:08 |   Status: ok | Consecutive errors: 0
2026-03-04 10:35:09 | Checking: Daily Security Monitor Scan (0e7434dd-4493-4412-bf8e-a7590cadfdbc)
2026-03-04 10:35:09 |   Status: ok | Consecutive errors: 0
2026-03-04 10:35:10 | Checking: Daily Brew Update & Upgrade (e9df09a5-2ac3-445d-a79b-2302a2d804ae)
2026-03-04 10:35:10 |   Status: ok | Consecutive errors: 0
2026-03-04 10:35:10 | Checking: Daily Briefing (7am) (b25924f1-5d8c-48c6-91fa-f703ac7a3801)
2026-03-04 10:35:10 |   Status: ok | Consecutive errors: 0
2026-03-04 10:35:11 | Checking: Sherlock Research (Morning) (3fd6d3f4-9c31-4348-8e35-5496b906e3af)
2026-03-04 10:35:11 |   Status: error | Consecutive errors: 1
2026-03-04 10:35:12 |   🔄 Auto-retrying job (attempt with backoff)...
2026-03-04 10:35:12 |   ✅ Retry initiated
2026-03-04 10:35:12 | Checking: Sherlock Morning Sweep (6e091019-a76f-4006-b655-524b8df99a90)
2026-03-04 10:35:12 |   Status: unknown | Consecutive errors: 0
2026-03-04 10:35:12 | Checking: Daily Skill & Security Briefing (308810d1-f6e0-4776-ab19-11e0c0ec1518)
2026-03-04 10:35:12 |   Status: ok | Consecutive errors: 0
2026-03-04 10:35:13 | Checking: Trader Market Scan (Morning) (5329c00d-ad8b-4a8f-a66e-7c465e8ac5a7)
2026-03-04 10:35:13 |   Status: ok | Consecutive errors: 0
2026-03-04 10:35:14 | Checking: Architect Engineering (Daily) (2c25d4cd-e8b5-4634-87fd-e7b328bcc64c)
2026-03-04 10:35:14 |   Status: error | Consecutive errors: 1
2026-03-04 10:35:14 |   🔄 Auto-retrying job (attempt with backoff)...
2026-03-04 10:35:14 |   ✅ Retry initiated
2026-03-04 10:35:14 | Checking: Weekly Trust Dashboard Report (1cbdd91c-f611-4b95-9ed0-eb72172db7b3)
2026-03-04 10:35:14 |   Status: ok | Consecutive errors: 0
2026-03-04 10:35:15 | === Summary ===
2026-03-04 10:35:15 | Jobs with errors: 7
2026-03-04 10:35:15 | Auto-fixed: 7
2026-03-04 10:35:15 | === Check Complete ===
2026-03-04 10:39:54 | === Cron Health Check Started ===
2026-03-04 10:39:56 | Checking: Cron Health Monitor (Self-Healing) (52bb69be-f6d0-4ef8-b871-a38ff78f074d)
2026-03-04 10:39:56 |   Status: ok | Consecutive errors: 0
2026-03-04 10:39:56 | Checking: Emergency Monitor (5-min) (2f1f9cec-adbb-4a0f-b61a-23fcfa43eb65)
2026-03-04 10:39:56 |   Status: ok | Consecutive errors: 0
2026-03-04 10:39:57 | Checking: GBP Auto-Converter (cffe3a97-1931-4efd-b76c-950e03d1eff2)
2026-03-04 10:39:57 |   Status: ok | Consecutive errors: 0
2026-03-04 10:39:57 | Checking: Squad Monitor - 15min Money Focus (b82a99b5-d0b2-4725-97c1-a127e639dede)
2026-03-04 10:39:58 |   Status: ok | Consecutive errors: 0
2026-03-04 10:39:58 | Checking: Trading System Health Check (b2d350f3-0200-475a-b75c-cafc6c5ff9cd)
2026-03-04 10:39:58 |   Status: ok | Consecutive errors: 0
2026-03-04 10:39:59 | Checking: Hourly Database Backup (92661dfd-aa54-40c4-8a5e-c3d9d1fe4d15)
2026-03-04 10:39:59 |   Status: error | Consecutive errors: 1
2026-03-04 10:39:59 |   ⏳ In backoff period, skipping retry
2026-03-04 10:39:59 | Checking: Hourly Git Auto-Sync (78b8964c-52f0-4ad7-8edb-6534eab07d1e)
2026-03-04 10:39:59 |   Status: ok | Consecutive errors: 0
2026-03-04 10:40:00 | Checking: Portfolio Status Update (7477f113-b4b7-462c-8124-d70604c27d37)
2026-03-04 10:40:00 |   Status: error | Consecutive errors: 1
2026-03-04 10:40:01 |   ⏳ In backoff period, skipping retry
2026-03-04 10:40:01 | Checking: Trader Market Scan (Midday) (dad8e6f9-ab04-4903-a494-c0ffaaa66bf8)
2026-03-04 10:40:01 |   Status: ok | Consecutive errors: 0
2026-03-04 10:40:01 | Checking: Sherlock Afternoon Update (082f0fdf-e9ab-4073-befb-94b3b119383c)
2026-03-04 10:40:01 |   Status: ok | Consecutive errors: 0
2026-03-04 10:40:02 | Checking: Sherlock Research (Afternoon) (cfdb2c59-0f29-470d-98ad-b8cb48b46133)
2026-03-04 10:40:02 |   Status: ok | Consecutive errors: 0
2026-03-04 10:40:03 | Checking: Trader Market Scan (Evening) (508eedd2-82b9-4267-8775-a6affdac003d)
2026-03-04 10:40:03 |   Status: ok | Consecutive errors: 0
2026-03-04 10:40:03 | Checking: Sherlock Research (Evening) (f78250ca-57a9-489a-b45f-29ee8fde43d0)
2026-03-04 10:40:03 |   Status: error | Consecutive errors: 1
2026-03-04 10:40:04 |   ⏳ In backoff period, skipping retry
2026-03-04 10:40:04 | Checking: Daily Self-Improvement Review (59cee57b-ca5c-49c3-b92d-e633572a6a70)
2026-03-04 10:40:04 |   Status: ok | Consecutive errors: 0
2026-03-04 10:40:05 | Checking: Nightly Security Review (99e129c1-7e97-4382-a261-e1c6a2d53c8c)
2026-03-04 10:40:05 |   Status: error | Consecutive errors: 1
2026-03-04 10:40:05 |   ⏳ In backoff period, skipping retry
2026-03-04 10:40:05 | Checking: Daily Auto-Update (c5c577b7-d12a-4a7c-9ae9-7955a01b07f5)
2026-03-04 10:40:05 |   Status: ok | Consecutive errors: 0
2026-03-04 10:40:06 | Checking: Daily Security Monitor Scan (0e7434dd-4493-4412-bf8e-a7590cadfdbc)
2026-03-04 10:40:06 |   Status: ok | Consecutive errors: 0
2026-03-04 10:40:07 | Checking: Daily Brew Update & Upgrade (e9df09a5-2ac3-445d-a79b-2302a2d804ae)
2026-03-04 10:40:07 |   Status: ok | Consecutive errors: 0
2026-03-04 10:40:07 | Checking: Daily Briefing (7am) (b25924f1-5d8c-48c6-91fa-f703ac7a3801)
2026-03-04 10:40:07 |   Status: ok | Consecutive errors: 0
2026-03-04 10:40:08 | Checking: Sherlock Research (Morning) (3fd6d3f4-9c31-4348-8e35-5496b906e3af)
2026-03-04 10:40:08 |   Status: error | Consecutive errors: 1
2026-03-04 10:40:09 |   ⏳ In backoff period, skipping retry
2026-03-04 10:40:09 | Checking: Sherlock Morning Sweep (6e091019-a76f-4006-b655-524b8df99a90)
2026-03-04 10:40:09 |   Status: unknown | Consecutive errors: 0
2026-03-04 10:40:09 | Checking: Daily Skill & Security Briefing (308810d1-f6e0-4776-ab19-11e0c0ec1518)
2026-03-04 10:40:09 |   Status: ok | Consecutive errors: 0
2026-03-04 10:40:10 | Checking: Trader Market Scan (Morning) (5329c00d-ad8b-4a8f-a66e-7c465e8ac5a7)
2026-03-04 10:40:10 |   Status: ok | Consecutive errors: 0
2026-03-04 10:40:11 | Checking: Architect Engineering (Daily) (2c25d4cd-e8b5-4634-87fd-e7b328bcc64c)
2026-03-04 10:40:11 |   Status: error | Consecutive errors: 1
2026-03-04 10:40:11 |   ⏳ In backoff period, skipping retry
2026-03-04 10:40:11 | Checking: Weekly Trust Dashboard Report (1cbdd91c-f611-4b95-9ed0-eb72172db7b3)
2026-03-04 10:40:11 |   Status: ok | Consecutive errors: 0
2026-03-04 10:40:12 | === Summary ===
2026-03-04 10:40:12 | Jobs with errors: 6
2026-03-04 10:40:12 | Auto-fixed: 0
2026-03-04 10:40:12 | === Check Complete ===
2026-03-04 10:45:12 | === Cron Health Check Started ===
2026-03-04 10:45:13 | Checking: Cron Health Monitor (Self-Healing) (52bb69be-f6d0-4ef8-b871-a38ff78f074d)
2026-03-04 10:45:13 |   Status: ok | Consecutive errors: 0
2026-03-04 10:45:14 | Checking: Emergency Monitor (5-min) (2f1f9cec-adbb-4a0f-b61a-23fcfa43eb65)
2026-03-04 10:45:14 |   Status: ok | Consecutive errors: 0
2026-03-04 10:45:14 | Checking: GBP Auto-Converter (cffe3a97-1931-4efd-b76c-950e03d1eff2)
2026-03-04 10:45:14 |   Status: ok | Consecutive errors: 0
2026-03-04 10:45:15 | Checking: Trading System Health Check (b2d350f3-0200-475a-b75c-cafc6c5ff9cd)
2026-03-04 10:45:15 |   Status: ok | Consecutive errors: 0
2026-03-04 10:45:16 | Checking: Squad Monitor - 15min Money Focus (b82a99b5-d0b2-4725-97c1-a127e639dede)
2026-03-04 10:45:16 |   Status: ok | Consecutive errors: 0
2026-03-04 10:45:16 | Checking: Hourly Database Backup (92661dfd-aa54-40c4-8a5e-c3d9d1fe4d15)
2026-03-04 10:45:16 |   Status: error | Consecutive errors: 1
2026-03-04 10:45:17 |   🔄 Auto-retrying job (attempt with backoff)...
2026-03-04 10:45:17 |   ✅ Retry initiated
2026-03-04 10:45:17 | Checking: Hourly Git Auto-Sync (78b8964c-52f0-4ad7-8edb-6534eab07d1e)
2026-03-04 10:45:17 |   Status: ok | Consecutive errors: 0
2026-03-04 10:45:18 | Checking: Portfolio Status Update (7477f113-b4b7-462c-8124-d70604c27d37)
2026-03-04 10:45:18 |   Status: error | Consecutive errors: 1
2026-03-04 10:45:18 |   🔄 Auto-retrying job (attempt with backoff)...
2026-03-04 10:45:18 |   ✅ Retry initiated
2026-03-04 10:45:18 | Checking: Trader Market Scan (Midday) (dad8e6f9-ab04-4903-a494-c0ffaaa66bf8)
2026-03-04 10:45:18 |   Status: ok | Consecutive errors: 0
2026-03-04 10:45:19 | Checking: Sherlock Afternoon Update (082f0fdf-e9ab-4073-befb-94b3b119383c)
2026-03-04 10:45:19 |   Status: ok | Consecutive errors: 0
2026-03-04 10:45:20 | Checking: Sherlock Research (Afternoon) (cfdb2c59-0f29-470d-98ad-b8cb48b46133)
2026-03-04 10:45:20 |   Status: ok | Consecutive errors: 0
2026-03-04 10:45:20 | Checking: Trader Market Scan (Evening) (508eedd2-82b9-4267-8775-a6affdac003d)
2026-03-04 10:45:20 |   Status: ok | Consecutive errors: 0
2026-03-04 10:45:21 | Checking: Sherlock Research (Evening) (f78250ca-57a9-489a-b45f-29ee8fde43d0)
2026-03-04 10:45:21 |   Status: error | Consecutive errors: 1
2026-03-04 10:45:22 |   🔄 Auto-retrying job (attempt with backoff)...
2026-03-04 10:45:22 |   ✅ Retry initiated
2026-03-04 10:45:22 | Checking: Daily Self-Improvement Review (59cee57b-ca5c-49c3-b92d-e633572a6a70)
2026-03-04 10:45:22 |   Status: ok | Consecutive errors: 0
2026-03-04 10:45:22 | Checking: Nightly Security Review (99e129c1-7e97-4382-a261-e1c6a2d53c8c)
2026-03-04 10:45:22 |   Status: error | Consecutive errors: 1
2026-03-04 10:45:23 |   🔄 Auto-retrying job (attempt with backoff)...
2026-03-04 10:45:23 |   ✅ Retry initiated
2026-03-04 10:45:23 | Checking: Daily Auto-Update (c5c577b7-d12a-4a7c-9ae9-7955a01b07f5)
2026-03-04 10:45:23 |   Status: ok | Consecutive errors: 0
2026-03-04 10:45:24 | Checking: Daily Security Monitor Scan (0e7434dd-4493-4412-bf8e-a7590cadfdbc)
2026-03-04 10:45:24 |   Status: ok | Consecutive errors: 0
2026-03-04 10:45:24 | Checking: Daily Brew Update & Upgrade (e9df09a5-2ac3-445d-a79b-2302a2d804ae)
2026-03-04 10:45:24 |   Status: ok | Consecutive errors: 0
2026-03-04 10:45:25 | Checking: Daily Briefing (7am) (b25924f1-5d8c-48c6-91fa-f703ac7a3801)
2026-03-04 10:45:25 |   Status: ok | Consecutive errors: 0
2026-03-04 10:45:26 | Checking: Sherlock Research (Morning) (3fd6d3f4-9c31-4348-8e35-5496b906e3af)
2026-03-04 10:45:26 |   Status: error | Consecutive errors: 1
2026-03-04 10:45:26 |   🔄 Auto-retrying job (attempt with backoff)...
2026-03-04 10:45:26 |   ✅ Retry initiated
2026-03-04 10:45:26 | Checking: Sherlock Morning Sweep (6e091019-a76f-4006-b655-524b8df99a90)
2026-03-04 10:45:26 |   Status: unknown | Consecutive errors: 0
2026-03-04 10:45:27 | Checking: Daily Skill & Security Briefing (308810d1-f6e0-4776-ab19-11e0c0ec1518)
2026-03-04 10:45:27 |   Status: ok | Consecutive errors: 0
2026-03-04 10:45:28 | Checking: Trader Market Scan (Morning) (5329c00d-ad8b-4a8f-a66e-7c465e8ac5a7)
2026-03-04 10:45:28 |   Status: ok | Consecutive errors: 0
2026-03-04 10:45:28 | Checking: Architect Engineering (Daily) (2c25d4cd-e8b5-4634-87fd-e7b328bcc64c)
2026-03-04 10:45:28 |   Status: error | Consecutive errors: 1
2026-03-04 10:45:29 |   🔄 Auto-retrying job (attempt with backoff)...
2026-03-04 10:45:29 |   ✅ Retry initiated
2026-03-04 10:45:29 | Checking: Weekly Trust Dashboard Report (1cbdd91c-f611-4b95-9ed0-eb72172db7b3)
2026-03-04 10:45:29 |   Status: ok | Consecutive errors: 0
2026-03-04 10:45:30 | === Summary ===
2026-03-04 10:45:30 | Jobs with errors: 6
2026-03-04 10:45:30 | Auto-fixed: 6
2026-03-04 10:45:30 | === Check Complete ===
2026-03-04 10:50:18 | === Cron Health Check Started ===
2026-03-04 10:50:19 | Checking: Cron Health Monitor (Self-Healing) (52bb69be-f6d0-4ef8-b871-a38ff78f074d)
2026-03-04 10:50:19 |   Status: ok | Consecutive errors: 0
2026-03-04 10:50:19 | Checking: GBP Auto-Converter (cffe3a97-1931-4efd-b76c-950e03d1eff2)
2026-03-04 10:50:19 |   Status: ok | Consecutive errors: 0
2026-03-04 10:50:20 | Checking: Trading System Health Check (b2d350f3-0200-475a-b75c-cafc6c5ff9cd)
2026-03-04 10:50:20 |   Status: ok | Consecutive errors: 0
2026-03-04 10:50:21 | Checking: Emergency Monitor (5-min) (2f1f9cec-adbb-4a0f-b61a-23fcfa43eb65)
2026-03-04 10:50:21 |   Status: ok | Consecutive errors: 0
2026-03-04 10:50:21 | Checking: Squad Monitor - 15min Money Focus (b82a99b5-d0b2-4725-97c1-a127e639dede)
2026-03-04 10:50:21 |   Status: ok | Consecutive errors: 0
2026-03-04 10:50:22 | Checking: Hourly Database Backup (92661dfd-aa54-40c4-8a5e-c3d9d1fe4d15)
2026-03-04 10:50:22 |   Status: error | Consecutive errors: 1
2026-03-04 10:50:23 |   🔄 Auto-retrying job (attempt with backoff)...
2026-03-04 10:50:23 |   ✅ Retry initiated
2026-03-04 10:50:23 | Checking: Hourly Git Auto-Sync (78b8964c-52f0-4ad7-8edb-6534eab07d1e)
2026-03-04 10:50:23 |   Status: ok | Consecutive errors: 0
2026-03-04 10:50:23 | Checking: Portfolio Status Update (7477f113-b4b7-462c-8124-d70604c27d37)
2026-03-04 10:50:23 |   Status: error | Consecutive errors: 1
2026-03-04 10:50:24 |   🔄 Auto-retrying job (attempt with backoff)...
2026-03-04 10:50:24 |   ✅ Retry initiated
2026-03-04 10:50:24 | Checking: Trader Market Scan (Midday) (dad8e6f9-ab04-4903-a494-c0ffaaa66bf8)
2026-03-04 10:50:24 |   Status: ok | Consecutive errors: 0
2026-03-04 10:50:25 | Checking: Sherlock Afternoon Update (082f0fdf-e9ab-4073-befb-94b3b119383c)
2026-03-04 10:50:25 |   Status: ok | Consecutive errors: 0
2026-03-04 10:50:25 | Checking: Sherlock Research (Afternoon) (cfdb2c59-0f29-470d-98ad-b8cb48b46133)
2026-03-04 10:50:25 |   Status: ok | Consecutive errors: 0
2026-03-04 10:58:06 | Checking: Trader Market Scan (Evening) (508eedd2-82b9-4267-8775-a6affdac003d)
2026-03-04 10:58:06 |   Status: ok | Consecutive errors: 0
2026-03-04 10:58:07 | Checking: Sherlock Research (Evening) (f78250ca-57a9-489a-b45f-29ee8fde43d0)
2026-03-04 10:58:07 |   Status: error | Consecutive errors: 1
2026-03-04 10:58:08 |   🔄 Auto-retrying job (attempt with backoff)...
2026-03-04 10:58:08 |   ✅ Retry initiated
2026-03-04 10:58:08 | Checking: Daily Self-Improvement Review (59cee57b-ca5c-49c3-b92d-e633572a6a70)
2026-03-04 10:58:08 |   Status: ok | Consecutive errors: 0
2026-03-04 10:58:08 | Checking: Nightly Security Review (99e129c1-7e97-4382-a261-e1c6a2d53c8c)
2026-03-04 10:58:08 |   Status: error | Consecutive errors: 1
2026-03-04 10:58:09 |   🔄 Auto-retrying job (attempt with backoff)...
2026-03-04 10:58:09 |   ✅ Retry initiated
2026-03-04 10:58:09 | Checking: Daily Auto-Update (c5c577b7-d12a-4a7c-9ae9-7955a01b07f5)
2026-03-04 10:58:09 |   Status: ok | Consecutive errors: 0
2026-03-04 10:58:10 | Checking: Daily Security Monitor Scan (0e7434dd-4493-4412-bf8e-a7590cadfdbc)
2026-03-04 10:58:10 |   Status: ok | Consecutive errors: 0
2026-03-04 10:58:10 | Checking: Daily Brew Update & Upgrade (e9df09a5-2ac3-445d-a79b-2302a2d804ae)
2026-03-04 10:58:10 |   Status: ok | Consecutive errors: 0
2026-03-04 10:58:11 | Checking: Daily Briefing (7am) (b25924f1-5d8c-48c6-91fa-f703ac7a3801)
2026-03-04 10:58:11 |   Status: ok | Consecutive errors: 0
2026-03-04 10:58:12 | Checking: Sherlock Research (Morning) (3fd6d3f4-9c31-4348-8e35-5496b906e3af)
2026-03-04 10:58:12 |   Status: error | Consecutive errors: 1
2026-03-04 10:58:12 |   🔄 Auto-retrying job (attempt with backoff)...
2026-03-04 10:58:12 |   ✅ Retry initiated
2026-03-04 10:58:12 | Checking: Sherlock Morning Sweep (6e091019-a76f-4006-b655-524b8df99a90)
2026-03-04 10:58:12 |   Status: unknown | Consecutive errors: 0
2026-03-04 10:58:13 | Checking: Daily Skill & Security Briefing (308810d1-f6e0-4776-ab19-11e0c0ec1518)
2026-03-04 10:58:13 |   Status: ok | Consecutive errors: 0
2026-03-04 10:58:14 | Checking: Trader Market Scan (Morning) (5329c00d-ad8b-4a8f-a66e-7c465e8ac5a7)
2026-03-04 10:58:14 |   Status: ok | Consecutive errors: 0
2026-03-04 10:58:15 | Checking: Architect Engineering (Daily) (2c25d4cd-e8b5-4634-87fd-e7b328bcc64c)
2026-03-04 10:58:15 |   Status: error | Consecutive errors: 1
2026-03-04 10:58:15 |   🔄 Auto-retrying job (attempt with backoff)...
2026-03-04 10:58:15 |   ✅ Retry initiated
2026-03-04 10:58:15 | Checking: Weekly Trust Dashboard Report (1cbdd91c-f611-4b95-9ed0-eb72172db7b3)
2026-03-04 10:58:15 |   Status: ok | Consecutive errors: 0
2026-03-04 10:58:16 | === Summary ===
2026-03-04 10:58:16 | Jobs with errors: 6
2026-03-04 10:58:16 | Auto-fixed: 6
2026-03-04 10:58:16 | === Check Complete ===
